08:30:53.480 [main                     ] DEBUG Logger               - Configured Logger
08:30:53.487 [main                     ] DEBUG GameApplication      - Logging settings
Title: Cool Game!!
Version: indev 1.0.0
Width: 600
Height: 600
Fullscreen: false
Intro: false
Profiling: false
Single step:false
App Mode: DEVELOPER
Menu Key: ESCAPE
Stage Style: DECORATED
Scene Factory: class com.almasb.fxgl.app.scene.SceneFactory

08:30:54.524 [JavaFX Application Thread] DEBUG FXGLApplication      - Initializing FXGL
08:30:54.529 [JavaFX Application Thread] INFO  Engine               - FXGL-11.17 (16.07.2021 15.46) on WINDOWS (J:21.0.2 FX:17.0.2-ea)
08:30:54.529 [JavaFX Application Thread] DEBUG Engine               - JRE Vendor Name: Azul Systems, Inc.
08:30:54.529 [JavaFX Application Thread] DEBUG Engine               - Running on OS: Windows 10 version 10.0
08:30:54.530 [JavaFX Application Thread] DEBUG Engine               - Architecture: amd64
08:30:54.530 [JavaFX Application Thread] INFO  Engine               - Source code and latest versions at: https://github.com/AlmasB/FXGL
08:30:54.530 [JavaFX Application Thread] INFO  Engine               -              Join the FXGL chat at: https://gitter.im/AlmasB/FXGL
08:30:54.778 [JavaFX Application Thread] DEBUG PrimaryStageWindow   - Creating a JavaFX scene
08:30:54.952 [JavaFX Application Thread] DEBUG PrimaryStageWindow   - Target settings size: 600.0 x 600.0
08:30:54.953 [JavaFX Application Thread] DEBUG PrimaryStageWindow   - Scaled scene size:    600.0 x 600.0
08:30:54.953 [JavaFX Application Thread] DEBUG PrimaryStageWindow   - Scaled ratio: (1.0, 1.0)
08:30:54.955 [JavaFX Application Thread] DEBUG PrimaryStageWindow   - Set initial scene to FXGLStartupScene
08:30:54.971 [JavaFX Application Thread] DEBUG PrimaryStageWindow   - Opening main window
08:30:55.196 [JavaFX Application Thread] DEBUG PrimaryStageWindow   - Window border size: (14.4000244140625, 37.5999755859375)
08:30:55.196 [JavaFX Application Thread] DEBUG PrimaryStageWindow   - Scaled size: 600.0 x 600.0
08:30:55.197 [JavaFX Application Thread] DEBUG PrimaryStageWindow   - Scaled ratio: (1.0, 1.0)
08:30:55.197 [JavaFX Application Thread] DEBUG PrimaryStageWindow   - Scene size: 600.0 x 600.0
08:30:55.198 [JavaFX Application Thread] DEBUG PrimaryStageWindow   - Stage size: 614.4000244140625 x 637.5999755859375
08:30:55.231 [FXGL Background Thread 1 ] DEBUG Engine               - Initializing environment variables
08:30:55.446 [FXGL Background Thread 1 ] DEBUG FXGLAssetLoaderServi - User app class for loading assets: class com.example.javafx_project.MainGameApplication
08:30:55.446 [FXGL Background Thread 1 ] DEBUG GameApplicationServi - Applying CSS: fxgl_dark.css
08:30:55.448 [FXGL Background Thread 1 ] DEBUG FXGLAssetLoaderServi - Loading from file system: jar:file:///C:/Users/zarok/.m2/repository/com/github/almasb/fxgl/11.17/fxgl-11.17.jar!/fxglassets/ui/css/fxgl_dark.css
08:30:55.604 [FXGL Background Thread 1 ] DEBUG GameApplicationServi - Initializing application scenes
08:30:55.734 [FXGL Background Thread 1 ] DEBUG GameWorld            - Game world initialized
08:30:55.995 [FXGL Background Thread 1 ] DEBUG PhysicsWorld         - Physics world initialized: appHeight=600, physics.ppm=50,0
08:30:55.996 [FXGL Background Thread 1 ] DEBUG PhysicsWorld         - Using strategy: BRUTE_FORCE
08:30:56.005 [FXGL Background Thread 1 ] DEBUG GameScene            - Game scene initialized: 600x600
08:30:56.050 [FXGL Background Thread 1 ] WARN  FXGL.DefaultMenu     - FXGLDefaultMenu is not designed for resolutions < 800x600
08:30:56.051 [FXGL Background Thread 1 ] DEBUG FXGL.DefaultMenu     - createMenuBodyGameMenu()
08:30:56.120 [FXGL Background Thread 1 ] DEBUG FXGL.DefaultMenu     - createOptionsMenu()
08:30:56.159 [FXGL Background Thread 1 ] DEBUG FXGLAssetLoaderServi - Loading from file system: jar:file:///C:/Users/zarok/.m2/repository/com/github/almasb/fxgl/11.17/fxgl-11.17.jar!/fxglassets/textures/particles/smoke.png
08:30:56.651 [FXGL Background Thread 1 ] DEBUG FXGLAssetLoaderServi - Loading from file system: jar:file:///C:/Users/zarok/.m2/repository/com/github/almasb/fxgl/11.17/fxgl-11.17.jar!/fxglassets/textures/particles/trace_horizontal.png
08:30:56.833 [FXGL Background Thread 1 ] DEBUG GameApplicationServi - Application scenes initialized
08:30:56.878 [FXGL Background Thread 1 ] DEBUG SystemBundleService  - Loading FXGL system data
08:30:56.918 [FXGL Background Thread 1 ] DEBUG FileSystemAccess     - Reading from: C:\Users\zarok\Mein Ordner\Schule\Spengergasse\2DHIF\POS\JavaFX Project\system\fxgl.bundle
08:30:56.968 [FXGL Background Thread 1 ] DEBUG SystemBundleService  - Bundle FXGL: {}
08:30:56.968 [FXGL Background Thread 1 ] DEBUG UpdaterService       - Checking for updates
08:30:56.987 [FXGL Background Thread 4 ] DEBUG FXGLApplication      - Loading fonts
08:30:56.987 [FXGL Background Thread 1 ] DEBUG FXGLApplication      - Loading default localization
08:30:56.989 [FXGL Background Thread 4 ] DEBUG FXGLAssetLoaderServi - Loading from file system: jar:file:///C:/Users/zarok/.m2/repository/com/github/almasb/fxgl/11.17/fxgl-11.17.jar!/fxglassets/ui/fonts/VarelaRound-Regular.ttf
08:30:56.990 [FXGL Background Thread 1 ] DEBUG FXGLAssetLoaderServi - Loading from file system: jar:file:///C:/Users/zarok/.m2/repository/com/github/almasb/fxgl/11.17/fxgl-11.17.jar!/fxglassets/languages/english.lang
08:30:57.065 [FXGL Background Thread 1 ] INFO  FXGLApplication      - FXGL initialization took: 1,834 sec
08:30:57.102 [JavaFX Application Thread] DEBUG Input                - Registered new binding: action0 - W
08:30:57.104 [JavaFX Application Thread] DEBUG Input                - Registered new binding: action1 - S
08:30:57.106 [JavaFX Application Thread] DEBUG Input                - Registered new binding: action2 - A
08:30:57.107 [JavaFX Application Thread] DEBUG Input                - Registered new binding: action3 - D
08:30:57.109 [JavaFX Application Thread] DEBUG Input                - Registered new binding: action4 - Up
08:30:57.110 [JavaFX Application Thread] DEBUG Input                - Registered new binding: action5 - Down
08:30:57.111 [JavaFX Application Thread] DEBUG Input                - Registered new binding: action6 - Left
08:30:57.113 [JavaFX Application Thread] DEBUG Input                - Registered new binding: action7 - Right
08:30:57.114 [JavaFX Application Thread] DEBUG Input                - Registered new binding: action8 - Q
08:30:57.116 [JavaFX Application Thread] DEBUG FXGLAssetLoaderServi - Loading from file system: jar:file:///C:/Users/zarok/.m2/repository/com/github/almasb/fxgl/11.17/fxgl-11.17.jar!/fxglassets/textures/fxgl_icon.png
08:30:57.186 [JavaFX Application Thread] DEBUG FXGLAssetLoaderServi - Loading from file system: jar:file:///C:/Users/zarok/.m2/repository/com/github/almasb/fxgl/11.17/fxgl-11.17.jar!/fxglassets/textures/fxgl_default_cursor.png
08:30:57.201 [JavaFX Application Thread] DEBUG Input                - Registered new binding: Screenshot - CTRL+8
08:30:57.203 [JavaFX Application Thread] DEBUG Input                - Registered new binding: System info dump - CTRL+9
08:30:57.205 [JavaFX Application Thread] DEBUG Input                - Registered new binding: Restart - CTRL+R
08:30:57.208 [JavaFX Application Thread] DEBUG Input                - Registered new binding: Toggle Debug Camera - CTRL+C
08:30:57.217 [JavaFX Application Thread] DEBUG LoopRunner           - Starting loop
08:30:57.217 [JavaFX Application Thread] DEBUG LoopRunner           - Initializing JavaFX AnimationTimerLoop
08:30:57.222 [JavaFX Application Thread] DEBUG GameApplicationServi - Starting new game
08:30:57.224 [JavaFX Application Thread] DEBUG Input                - Clearing active input actions
08:30:57.282 [FXGL Background Thread 4 ] DEBUG FXGLAssetLoaderServi - Loading from file system: jar:file:///C:/Users/zarok/.m2/repository/com/github/almasb/fxgl/11.17/fxgl-11.17.jar!/fxglassets/ui/fonts/Abel-Regular.ttf
08:30:57.286 [JavaFX Application Thread] DEBUG GameApplicationServi - Removing overlay from FXGLStartupScene and adding to FXGLLoadingScene
08:30:57.288 [JavaFX Application Thread] DEBUG PrimaryStageWindow   - FXGLStartupScene -> FXGLLoadingScene
08:30:57.288 [JavaFX Application Thread] DEBUG GameApplicationServi - Clearing previous game
08:30:57.288 [JavaFX Application Thread] DEBUG GameScene            - Clearing game scene
08:30:57.288 [JavaFX Application Thread] DEBUG GameWorld            - Clearing game world
08:30:57.289 [JavaFX Application Thread] DEBUG PhysicsWorld         - Clearing physics world
08:30:57.294 [FXGL Background Thread 1 ] DEBUG FXGLApplication      - Initializing game
08:30:57.299 [FXGL Background Thread 1 ] DEBUG FXGLAssetLoaderServi - Loading from file system: file:/C:/Users/zarok/Mein%20Ordner/Schule/Spengergasse/2DHIF/POS/JavaFX%20Project/target/classes/assets/textures/aryan.png
08:30:57.338 [FXGL Background Thread 1 ] WARN  FXGLAssetLoaderServi - Asset "/assets/music/battle1.mp3" was not found!
08:30:57.339 [FXGL Background Thread 1 ] WARN  FXGLAssetLoaderServi - Failed to load MUSIC
08:30:57.344 [FXGL Background Thread 1 ] DEBUG AudioPlayer          - Playing music com.almasb.fxgl.audio.Music@1b700223
08:30:57.346 [FXGL Background Thread 1 ] INFO  FXGLApplication      - Game initialization took: 0,052 sec
08:30:57.349 [FXGL Background Thread 4 ] DEBUG FXGLAssetLoaderServi - Loading from file system: jar:file:///C:/Users/zarok/.m2/repository/com/github/almasb/fxgl/11.17/fxgl-11.17.jar!/fxglassets/ui/fonts/lucida_console.ttf
08:30:57.415 [FXGL Background Thread 4 ] DEBUG FXGLAssetLoaderServi - Loading from file system: jar:file:///C:/Users/zarok/.m2/repository/com/github/almasb/fxgl/11.17/fxgl-11.17.jar!/fxglassets/ui/fonts/Courier-Prime.ttf
08:30:57.536 [JavaFX Application Thread] DEBUG Input                - Clearing active input actions
08:30:57.578 [JavaFX Application Thread] DEBUG GameApplicationServi - Removing overlay from FXGLLoadingScene and adding to GameScene
08:30:57.579 [JavaFX Application Thread] DEBUG PrimaryStageWindow   - FXGLLoadingScene -> GameScene
08:30:57.783 [JavaFX Application Thread] DEBUG FXGLApplication      - Registering font factories with UI factory
08:30:59.821 [FXGL Background Thread 2 ] INFO  UpdaterService       - Your current version:  11.17
08:30:59.822 [FXGL Background Thread 2 ] INFO  UpdaterService       - Latest stable version: 21.1
08:30:59.979 [FXGL Background Thread 3 ] DEBUG Engine               - Logging environment variables
08:30:59.980 [FXGL Background Thread 3 ] DEBUG Engine               - achievements: []
08:30:59.981 [FXGL Background Thread 3 ] DEBUG Engine               - actualHeight: 600.0
08:30:59.981 [FXGL Background Thread 3 ] DEBUG Engine               - actualHeightProperty: ReadOnlyDoubleProperty [value: 600.0]
08:30:59.982 [FXGL Background Thread 3 ] DEBUG Engine               - actualWidth: 600.0
08:30:59.982 [FXGL Background Thread 3 ] DEBUG Engine               - actualWidthProperty: ReadOnlyDoubleProperty [value: 600.0]
08:30:59.983 [FXGL Background Thread 3 ] DEBUG Engine               - appIcon: fxgl_icon.png
08:30:59.983 [FXGL Background Thread 3 ] DEBUG Engine               - applicationMode: DEVELOPER
08:30:59.983 [FXGL Background Thread 3 ] DEBUG Engine               - cSSList: [fxgl_dark.css]
08:30:59.983 [FXGL Background Thread 3 ] DEBUG Engine               - collisionDetectionStrategy: BRUTE_FORCE
08:30:59.984 [FXGL Background Thread 3 ] DEBUG Engine               - configClass: Optional.empty
08:30:59.984 [FXGL Background Thread 3 ] DEBUG Engine               - credits: []
08:30:59.984 [FXGL Background Thread 3 ] DEBUG Engine               - defaultCursor: CursorInfo(imageName=fxgl_default_cursor.png, hotspotX=7.0, hotspotY=6.0)
08:30:59.985 [FXGL Background Thread 3 ] DEBUG Engine               - devBBoxColorProperty: ObjectProperty [value: 0xff0000ff]
08:30:59.986 [FXGL Background Thread 3 ] DEBUG Engine               - devEnableDebugCameraProperty: BooleanProperty [value: false]
08:30:59.987 [FXGL Background Thread 3 ] DEBUG Engine               - devSensorColorProperty: ObjectProperty [value: 0xffff00ff]
08:30:59.987 [FXGL Background Thread 3 ] DEBUG Engine               - devShowBBoxProperty: BooleanProperty [value: false]
08:30:59.987 [FXGL Background Thread 3 ] DEBUG Engine               - devShowPositionProperty: BooleanProperty [value: false]
08:30:59.988 [FXGL Background Thread 3 ] DEBUG Engine               - enabledMenuItems: []
08:30:59.988 [FXGL Background Thread 3 ] DEBUG Engine               - engineServices: [class com.almasb.fxgl.app.services.FXGLAssetLoaderService, class com.almasb.fxgl.app.FXGLApplication$GameApplicationService, class com.almasb.fxgl.app.services.FXGLDialogService, class com.almasb.fxgl.app.services.IOTaskExecutorService, class com.almasb.fxgl.io.FileSystemService, class com.almasb.fxgl.localization.LocalizationService, class com.almasb.fxgl.app.services.SystemBundleService, class com.almasb.fxgl.profile.SaveLoadService, class com.almasb.fxgl.ui.FXGLUIFactoryServiceProvider, class com.almasb.fxgl.ui.FXGLDialogFactoryServiceProvider, class com.almasb.fxgl.audio.AudioPlayer, class com.almasb.fxgl.notification.impl.NotificationServiceProvider, class com.almasb.fxgl.achievement.AchievementService, class com.almasb.fxgl.cutscene.CutsceneService, class com.almasb.fxgl.minigames.MiniGameService, class com.almasb.fxgl.net.NetService, class com.almasb.fxgl.app.services.UpdaterService, class com.almasb.fxgl.dev.DevService]
08:30:59.988 [FXGL Background Thread 3 ] DEBUG Engine               - fontGame: Abel-Regular.ttf
08:30:59.988 [FXGL Background Thread 3 ] DEBUG Engine               - fontMono: lucida_console.ttf
08:30:59.989 [FXGL Background Thread 3 ] DEBUG Engine               - fontText: Courier-Prime.ttf
08:30:59.989 [FXGL Background Thread 3 ] DEBUG Engine               - fontUI: VarelaRound-Regular.ttf
08:30:59.989 [FXGL Background Thread 3 ] DEBUG Engine               - fullScreen: BooleanProperty [value: false]
08:30:59.990 [FXGL Background Thread 3 ] DEBUG Engine               - gameDifficulty: MEDIUM
08:30:59.990 [FXGL Background Thread 3 ] DEBUG Engine               - gameDifficultyProperty: ObjectProperty [value: MEDIUM]
08:30:59.990 [FXGL Background Thread 3 ] DEBUG Engine               - globalMusicVolume: 0.5
08:30:59.991 [FXGL Background Thread 3 ] DEBUG Engine               - globalMusicVolumeProperty: DoubleProperty [value: 0.5]
08:30:59.991 [FXGL Background Thread 3 ] DEBUG Engine               - globalSoundVolume: 0.5
08:30:59.992 [FXGL Background Thread 3 ] DEBUG Engine               - globalSoundVolumeProperty: DoubleProperty [value: 0.5]
08:30:59.992 [FXGL Background Thread 3 ] DEBUG Engine               - height: 600
08:30:59.993 [FXGL Background Thread 3 ] DEBUG Engine               - is3D: false
08:30:59.993 [FXGL Background Thread 3 ] DEBUG Engine               - isAndroid: false
08:30:59.993 [FXGL Background Thread 3 ] DEBUG Engine               - isBrowser: false
08:30:59.993 [FXGL Background Thread 3 ] DEBUG Engine               - isClickFeedbackEnabled: false
08:30:59.994 [FXGL Background Thread 3 ] DEBUG Engine               - isCloseConfirmation: false
08:30:59.994 [FXGL Background Thread 3 ] DEBUG Engine               - isDesktop: true
08:30:59.994 [FXGL Background Thread 3 ] DEBUG Engine               - isDeveloperMenuEnabled: false
08:30:59.994 [FXGL Background Thread 3 ] DEBUG Engine               - isEntityPreloadEnabled: true
08:30:59.995 [FXGL Background Thread 3 ] DEBUG Engine               - isExperimentalTiledLargeMap: false
08:30:59.995 [FXGL Background Thread 3 ] DEBUG Engine               - isFileSystemWriteAllowed: true
08:30:59.995 [FXGL Background Thread 3 ] DEBUG Engine               - isFullScreenAllowed: false
08:30:59.995 [FXGL Background Thread 3 ] DEBUG Engine               - isFullScreenFromStart: false
08:30:59.996 [FXGL Background Thread 3 ] DEBUG Engine               - isGameMenuEnabled: true
08:30:59.997 [FXGL Background Thread 3 ] DEBUG Engine               - isIOS: false
08:30:59.997 [FXGL Background Thread 3 ] DEBUG Engine               - isIntroEnabled: false
08:30:59.997 [FXGL Background Thread 3 ] DEBUG Engine               - isLinux: false
08:30:59.997 [FXGL Background Thread 3 ] DEBUG Engine               - isMac: false
08:30:59.998 [FXGL Background Thread 3 ] DEBUG Engine               - isMainMenuEnabled: false
08:30:59.998 [FXGL Background Thread 3 ] DEBUG Engine               - isManualResizeEnabled: false
08:30:59.998 [FXGL Background Thread 3 ] DEBUG Engine               - isMobile: false
08:30:59.998 [FXGL Background Thread 3 ] DEBUG Engine               - isNative: false
08:30:59.999 [FXGL Background Thread 3 ] DEBUG Engine               - isPauseMusicWhenMinimized: true
08:30:59.999 [FXGL Background Thread 3 ] DEBUG Engine               - isPreserveResizeRatio: false
08:30:59.999 [FXGL Background Thread 3 ] DEBUG Engine               - isProfilingEnabled: false
08:30:59.999 [FXGL Background Thread 3 ] DEBUG Engine               - isScaleAffectedOnResize: true
08:31:00.000 [FXGL Background Thread 3 ] DEBUG Engine               - isSingleStep: false
08:31:00.000 [FXGL Background Thread 3 ] DEBUG Engine               - isUserProfileEnabled: false
08:31:00.000 [FXGL Background Thread 3 ] DEBUG Engine               - isWindows: true
08:31:00.000 [FXGL Background Thread 3 ] DEBUG Engine               - language: ObjectProperty [value: ENGLISH]
08:31:00.000 [FXGL Background Thread 3 ] DEBUG Engine               - menuKey: ESCAPE
08:31:00.001 [FXGL Background Thread 3 ] DEBUG Engine               - mouseSensitivity: 0.2
08:31:00.001 [FXGL Background Thread 3 ] DEBUG Engine               - notificationViewClass: class com.almasb.fxgl.notification.view.XboxNotificationView
08:31:00.001 [FXGL Background Thread 3 ] DEBUG Engine               - pixelsPerMeter: 50.0
08:31:00.001 [FXGL Background Thread 3 ] DEBUG Engine               - platform: WINDOWS
08:31:00.002 [FXGL Background Thread 3 ] DEBUG Engine               - prefHeightProperty: ReadOnlyDoubleProperty [value: 600.0]
08:31:00.002 [FXGL Background Thread 3 ] DEBUG Engine               - prefWidthProperty: ReadOnlyDoubleProperty [value: 600.0]
08:31:00.002 [FXGL Background Thread 3 ] DEBUG Engine               - profileDir: profiles/
08:31:00.003 [FXGL Background Thread 3 ] DEBUG Engine               - profileName: StringProperty [value: DEFAULT]
08:31:00.003 [FXGL Background Thread 3 ] DEBUG Engine               - randomSeed: -1
08:31:00.003 [FXGL Background Thread 3 ] DEBUG Engine               - runtimeInfo: RuntimeInfo(platform=WINDOWS, version=11.17, build=16.07.2021 15.46)
08:31:00.004 [FXGL Background Thread 3 ] DEBUG Engine               - saveFileExt: sav
08:31:00.004 [FXGL Background Thread 3 ] DEBUG Engine               - scaledHeightProp$fxgl: DoubleProperty [bound, value: 600.0]
08:31:00.004 [FXGL Background Thread 3 ] DEBUG Engine               - scaledWidthProp$fxgl: DoubleProperty [bound, value: 600.0]
08:31:00.004 [FXGL Background Thread 3 ] DEBUG Engine               - sceneFactory: com.almasb.fxgl.app.scene.SceneFactory@cbee3cf
08:31:00.005 [FXGL Background Thread 3 ] DEBUG Engine               - secondsIn24h: 60
08:31:00.005 [FXGL Background Thread 3 ] DEBUG Engine               - soundMenuBack: menu/back.wav
08:31:00.005 [FXGL Background Thread 3 ] DEBUG Engine               - soundMenuPress: menu/press.wav
08:31:00.005 [FXGL Background Thread 3 ] DEBUG Engine               - soundMenuSelect: menu/select.wav
08:31:00.006 [FXGL Background Thread 3 ] DEBUG Engine               - soundNotification: core/notification.wav
08:31:00.006 [FXGL Background Thread 3 ] DEBUG Engine               - stageStyle: DECORATED
08:31:00.007 [FXGL Background Thread 3 ] DEBUG Engine               - supportedLanguages: [ENGLISH, FRENCH, GERMAN, HUNGARIAN, RUSSIAN]
08:31:00.007 [FXGL Background Thread 3 ] DEBUG Engine               - ticksPerSecond: -1
08:31:00.007 [FXGL Background Thread 3 ] DEBUG Engine               - title: Cool Game!!
08:31:00.007 [FXGL Background Thread 3 ] DEBUG Engine               - urlGithub: https://github.com/AlmasB/FXGL
08:31:00.008 [FXGL Background Thread 3 ] DEBUG Engine               - urlLeaderboard: http://fxgl-top.herokuapp.com/
08:31:00.008 [FXGL Background Thread 3 ] DEBUG Engine               - urlPOM: https://raw.githubusercontent.com/AlmasB/FXGL/release/README.md
08:31:00.008 [FXGL Background Thread 3 ] DEBUG Engine               - userAppClass: class com.example.javafx_project.MainGameApplication
08:31:00.009 [FXGL Background Thread 3 ] DEBUG Engine               - version: indev 1.0.0
08:31:00.009 [FXGL Background Thread 3 ] DEBUG Engine               - versionCheckDays: 7
08:31:00.009 [FXGL Background Thread 3 ] DEBUG Engine               - width: 600
08:31:00.009 [FXGL Background Thread 3 ] DEBUG Engine               - Logging services
08:31:00.010 [FXGL Background Thread 3 ] DEBUG Engine               - class com.almasb.fxgl.app.services.FXGLAssetLoaderService
08:31:00.010 [FXGL Background Thread 3 ] DEBUG Engine               - class com.almasb.fxgl.app.FXGLApplication$GameApplicationService
08:31:00.010 [FXGL Background Thread 3 ] DEBUG Engine               - class com.almasb.fxgl.app.services.FXGLDialogService
08:31:00.011 [FXGL Background Thread 3 ] DEBUG Engine               - class com.almasb.fxgl.app.services.IOTaskExecutorService
08:31:00.011 [FXGL Background Thread 3 ] DEBUG Engine               - class com.almasb.fxgl.io.FileSystemService
08:31:00.011 [FXGL Background Thread 3 ] DEBUG Engine               - class com.almasb.fxgl.localization.LocalizationService
08:31:00.011 [FXGL Background Thread 3 ] DEBUG Engine               - class com.almasb.fxgl.app.services.SystemBundleService
08:31:00.011 [FXGL Background Thread 3 ] DEBUG Engine               - class com.almasb.fxgl.profile.SaveLoadService
08:31:00.012 [FXGL Background Thread 3 ] DEBUG Engine               - class com.almasb.fxgl.ui.FXGLUIFactoryServiceProvider
08:31:00.012 [FXGL Background Thread 3 ] DEBUG Engine               - class com.almasb.fxgl.ui.FXGLDialogFactoryServiceProvider
08:31:00.012 [FXGL Background Thread 3 ] DEBUG Engine               - class com.almasb.fxgl.audio.AudioPlayer
08:31:00.012 [FXGL Background Thread 3 ] DEBUG Engine               - class com.almasb.fxgl.notification.impl.NotificationServiceProvider
08:31:00.012 [FXGL Background Thread 3 ] DEBUG Engine               - class com.almasb.fxgl.achievement.AchievementService
08:31:00.013 [FXGL Background Thread 3 ] DEBUG Engine               - class com.almasb.fxgl.cutscene.CutsceneService
08:31:00.013 [FXGL Background Thread 3 ] DEBUG Engine               - class com.almasb.fxgl.minigames.MiniGameService
08:31:00.014 [FXGL Background Thread 3 ] DEBUG Engine               - class com.almasb.fxgl.net.NetService
08:31:00.014 [FXGL Background Thread 3 ] DEBUG Engine               - class com.almasb.fxgl.app.services.UpdaterService
08:31:00.014 [FXGL Background Thread 3 ] DEBUG Engine               - class com.almasb.fxgl.dev.DevService
08:31:02.255 [JavaFX Application Thread] DEBUG PrimaryStageWindow   - Push state: FXGLDefaultMenu
08:31:02.262 [JavaFX Application Thread] DEBUG Input                - Clearing active input actions
08:31:02.270 [JavaFX Application Thread] DEBUG GameApplicationServi - Removing overlay from GameScene and adding to FXGLDefaultMenu
08:31:02.271 [JavaFX Application Thread] DEBUG PrimaryStageWindow   - GameScene -> FXGLDefaultMenu
08:31:13.073 [JavaFX Application Thread] DEBUG FXGL.DefaultMenu     - createContentVideo()
08:31:16.919 [JavaFX Application Thread] DEBUG FXGLAssetLoaderServi - Loading from file system: jar:file:///C:/Users/zarok/.m2/repository/com/github/almasb/fxgl/11.17/fxgl-11.17.jar!/fxglassets/languages/russian.lang
08:31:21.643 [JavaFX Application Thread] DEBUG FXGLAssetLoaderServi - Loading from file system: jar:file:///C:/Users/zarok/.m2/repository/com/github/almasb/fxgl/11.17/fxgl-11.17.jar!/fxglassets/languages/german.lang
08:31:24.295 [JavaFX Application Thread] DEBUG FXGL.DefaultMenu     - createContentControls()
08:31:25.809 [JavaFX Application Thread] DEBUG PrimaryStageWindow   - Push state: PressAnyKeyState
08:31:25.809 [JavaFX Application Thread] DEBUG Input                - Clearing active input actions
08:31:25.810 [JavaFX Application Thread] DEBUG GameApplicationServi - Removing overlay from FXGLDefaultMenu and adding to PressAnyKeyState
08:31:25.811 [JavaFX Application Thread] DEBUG PrimaryStageWindow   - FXGLDefaultMenu -> PressAnyKeyState
08:31:27.141 [JavaFX Application Thread] DEBUG PrimaryStageWindow   - Pop state: PressAnyKeyState
08:31:27.141 [JavaFX Application Thread] DEBUG Input                - Clearing active input actions
08:31:27.141 [JavaFX Application Thread] DEBUG GameApplicationServi - Removing overlay from PressAnyKeyState and adding to FXGLDefaultMenu
08:31:27.142 [JavaFX Application Thread] DEBUG PrimaryStageWindow   - FXGLDefaultMenu <- PressAnyKeyState
08:31:28.775 [JavaFX Application Thread] DEBUG PrimaryStageWindow   - Push state: PressAnyKeyState
08:31:28.776 [JavaFX Application Thread] DEBUG Input                - Clearing active input actions
08:31:28.777 [JavaFX Application Thread] DEBUG GameApplicationServi - Removing overlay from FXGLDefaultMenu and adding to PressAnyKeyState
08:31:28.777 [JavaFX Application Thread] DEBUG PrimaryStageWindow   - FXGLDefaultMenu -> PressAnyKeyState
08:31:29.689 [JavaFX Application Thread] DEBUG PrimaryStageWindow   - Pop state: PressAnyKeyState
08:31:29.689 [JavaFX Application Thread] DEBUG Input                - Clearing active input actions
08:31:29.689 [JavaFX Application Thread] DEBUG GameApplicationServi - Removing overlay from PressAnyKeyState and adding to FXGLDefaultMenu
08:31:29.690 [JavaFX Application Thread] DEBUG PrimaryStageWindow   - FXGLDefaultMenu <- PressAnyKeyState
08:31:31.620 [JavaFX Application Thread] DEBUG FXGL.DefaultMenu     - createContentAudio()
08:31:39.006 [JavaFX Application Thread] DEBUG PrimaryStageWindow   - Push state: DialogSubScene
08:31:39.006 [JavaFX Application Thread] DEBUG Input                - Clearing active input actions
08:31:39.007 [JavaFX Application Thread] DEBUG GameApplicationServi - Removing overlay from FXGLDefaultMenu and adding to DialogSubScene
08:31:39.007 [JavaFX Application Thread] DEBUG PrimaryStageWindow   - FXGLDefaultMenu -> DialogSubScene
08:31:40.535 [JavaFX Application Thread] DEBUG PrimaryStageWindow   - Pop state: DialogSubScene
08:31:40.535 [JavaFX Application Thread] DEBUG Input                - Clearing active input actions
08:31:40.536 [JavaFX Application Thread] DEBUG GameApplicationServi - Removing overlay from DialogSubScene and adding to FXGLDefaultMenu
08:31:40.536 [JavaFX Application Thread] DEBUG PrimaryStageWindow   - FXGLDefaultMenu <- DialogSubScene
08:31:40.537 [JavaFX Application Thread] DEBUG Menu                 - restoreDefaultSettings()
08:31:44.368 [JavaFX Application Thread] DEBUG Menu                 - fireResume()
08:31:44.368 [JavaFX Application Thread] DEBUG PrimaryStageWindow   - Pop state: FXGLDefaultMenu
08:31:44.368 [JavaFX Application Thread] DEBUG Input                - Clearing active input actions
08:31:44.369 [JavaFX Application Thread] DEBUG GameApplicationServi - Removing overlay from FXGLDefaultMenu and adding to GameScene
08:31:44.370 [JavaFX Application Thread] DEBUG PrimaryStageWindow   - GameScene <- FXGLDefaultMenu
08:32:12.281 [JavaFX Application Thread] DEBUG FXGLApplication      - Exiting FXGL
08:32:12.281 [JavaFX Application Thread] DEBUG LoopRunner           - Stopping loop
08:32:12.281 [JavaFX Application Thread] DEBUG SystemBundleService  - Saving FXGL system data
08:32:12.284 [JavaFX Application Thread] DEBUG FileSystemAccess     - Writing to: C:\Users\zarok\Mein Ordner\Schule\Spengergasse\2DHIF\POS\JavaFX Project\system\fxgl.bundle
08:32:12.288 [JavaFX Application Thread] DEBUG Async                - Shutting down background threads
08:32:12.288 [JavaFX Application Thread] DEBUG PrimaryStageWindow   - Closing main window
08:32:12.302 [JavaFX Application Thread] DEBUG Logger               - Closing Logger
