09:28:40.921 [main                     ] DEBUG Logger               - Configured Logger
09:28:40.927 [main                     ] DEBUG GameApplication      - Logging settings
Title: Cool Game!!
Version: 1.0.0
Width: 1280
Height: 720
Fullscreen: false
Intro: false
Profiling: false
Single step:false
App Mode: DEVELOPER
Menu Key: ESCAPE
Stage Style: DECORATED
Scene Factory: class com.almasb.fxgl.app.scene.SceneFactory

09:28:41.762 [JavaFX Application Thread] DEBUG FXGLApplication      - Initializing FXGL
09:28:41.767 [JavaFX Application Thread] INFO  Engine               - FXGL-11.17 (16.07.2021 15.46) on WINDOWS (J:21.0.2 FX:17.0.2-ea)
09:28:41.768 [JavaFX Application Thread] DEBUG Engine               - JRE Vendor Name: Azul Systems, Inc.
09:28:41.768 [JavaFX Application Thread] DEBUG Engine               - Running on OS: Windows 10 version 10.0
09:28:41.768 [JavaFX Application Thread] DEBUG Engine               - Architecture: amd64
09:28:41.768 [JavaFX Application Thread] INFO  Engine               - Source code and latest versions at: https://github.com/AlmasB/FXGL
09:28:41.769 [JavaFX Application Thread] INFO  Engine               -              Join the FXGL chat at: https://gitter.im/AlmasB/FXGL
09:28:41.988 [JavaFX Application Thread] DEBUG PrimaryStageWindow   - Creating a JavaFX scene
09:28:42.084 [JavaFX Application Thread] DEBUG PrimaryStageWindow   - Target settings size: 1280.0 x 720.0
09:28:42.084 [JavaFX Application Thread] DEBUG PrimaryStageWindow   - Scaled scene size:    1280.0 x 720.0
09:28:42.084 [JavaFX Application Thread] DEBUG PrimaryStageWindow   - Scaled ratio: (1.0, 1.0)
09:28:42.086 [JavaFX Application Thread] DEBUG PrimaryStageWindow   - Set initial scene to FXGLStartupScene
09:28:42.103 [JavaFX Application Thread] DEBUG PrimaryStageWindow   - Opening main window
09:28:42.305 [JavaFX Application Thread] DEBUG PrimaryStageWindow   - Window border size: (14.4000244140625, 37.5999755859375)
09:28:42.306 [JavaFX Application Thread] DEBUG PrimaryStageWindow   - Scaled size: 1280.0 x 720.0
09:28:42.307 [JavaFX Application Thread] DEBUG PrimaryStageWindow   - Scaled ratio: (1.0, 1.0)
09:28:42.307 [JavaFX Application Thread] DEBUG PrimaryStageWindow   - Scene size: 1280.0 x 720.0
09:28:42.308 [JavaFX Application Thread] DEBUG PrimaryStageWindow   - Stage size: 1294.4000244140625 x 757.5999755859375
09:28:42.331 [FXGL Background Thread 1 ] DEBUG Engine               - Initializing environment variables
09:28:42.555 [FXGL Background Thread 1 ] DEBUG FXGLAssetLoaderServi - User app class for loading assets: class com.example.javafx_project.MainGameApplication
09:28:42.556 [FXGL Background Thread 1 ] DEBUG GameApplicationServi - Applying CSS: fxgl_dark.css
09:28:42.558 [FXGL Background Thread 1 ] DEBUG FXGLAssetLoaderServi - Loading from file system: jar:file:///C:/Users/zarok/.m2/repository/com/github/almasb/fxgl/11.17/fxgl-11.17.jar!/fxglassets/ui/css/fxgl_dark.css
09:28:42.684 [FXGL Background Thread 1 ] DEBUG GameApplicationServi - Initializing application scenes
09:28:42.805 [FXGL Background Thread 1 ] DEBUG GameWorld            - Game world initialized
09:28:43.048 [FXGL Background Thread 1 ] DEBUG PhysicsWorld         - Physics world initialized: appHeight=720, physics.ppm=50,0
09:28:43.049 [FXGL Background Thread 1 ] DEBUG PhysicsWorld         - Using strategy: BRUTE_FORCE
09:28:43.058 [FXGL Background Thread 1 ] DEBUG GameScene            - Game scene initialized: 1280x720
09:28:43.109 [FXGL Background Thread 1 ] DEBUG FXGL.DefaultMenu     - createMenuBodyMainMenu()
09:28:43.163 [FXGL Background Thread 1 ] DEBUG FXGL.DefaultMenu     - createOptionsMenu()
09:28:43.199 [FXGL Background Thread 1 ] DEBUG FXGLAssetLoaderServi - Loading from file system: jar:file:///C:/Users/zarok/.m2/repository/com/github/almasb/fxgl/11.17/fxgl-11.17.jar!/fxglassets/textures/particles/smoke.png
09:28:43.589 [FXGL Background Thread 1 ] DEBUG FXGLAssetLoaderServi - Loading from file system: jar:file:///C:/Users/zarok/.m2/repository/com/github/almasb/fxgl/11.17/fxgl-11.17.jar!/fxglassets/textures/particles/trace_horizontal.png
09:28:43.737 [FXGL Background Thread 1 ] DEBUG FXGL.DefaultMenu     - createMenuBodyGameMenu()
09:28:43.742 [FXGL Background Thread 1 ] DEBUG FXGL.DefaultMenu     - createOptionsMenu()
09:28:43.807 [FXGL Background Thread 1 ] DEBUG GameApplicationServi - Application scenes initialized
09:28:43.847 [FXGL Background Thread 1 ] DEBUG SystemBundleService  - Loading FXGL system data
09:28:43.868 [FXGL Background Thread 1 ] DEBUG FileSystemAccess     - Reading from: C:\Users\zarok\Mein Ordner\Schule\Spengergasse\2DHIF\POS\JavaFX Project\system\fxgl.bundle
09:28:43.913 [FXGL Background Thread 1 ] DEBUG SystemBundleService  - Bundle FXGL: {}
09:28:43.913 [FXGL Background Thread 1 ] DEBUG UpdaterService       - Checking for updates
09:28:43.930 [FXGL Background Thread 1 ] DEBUG FXGLApplication      - Loading default localization
09:28:43.931 [FXGL Background Thread 4 ] DEBUG FXGLApplication      - Loading fonts
09:28:43.932 [FXGL Background Thread 1 ] DEBUG FXGLAssetLoaderServi - Loading from file system: jar:file:///C:/Users/zarok/.m2/repository/com/github/almasb/fxgl/11.17/fxgl-11.17.jar!/fxglassets/languages/english.lang
09:28:43.933 [FXGL Background Thread 4 ] DEBUG FXGLAssetLoaderServi - Loading from file system: jar:file:///C:/Users/zarok/.m2/repository/com/github/almasb/fxgl/11.17/fxgl-11.17.jar!/fxglassets/ui/fonts/VarelaRound-Regular.ttf
09:28:43.995 [FXGL Background Thread 1 ] INFO  FXGLApplication      - FXGL initialization took: 1,663 sec
09:28:44.037 [JavaFX Application Thread] DEBUG Input                - Registered new binding: action0 - W
09:28:44.039 [JavaFX Application Thread] DEBUG Input                - Registered new binding: action1 - S
09:28:44.040 [JavaFX Application Thread] DEBUG Input                - Registered new binding: action2 - A
09:28:44.041 [JavaFX Application Thread] DEBUG Input                - Registered new binding: action3 - D
09:28:44.042 [JavaFX Application Thread] DEBUG Input                - Registered new binding: action4 - Up
09:28:44.043 [JavaFX Application Thread] DEBUG Input                - Registered new binding: action5 - Down
09:28:44.044 [JavaFX Application Thread] DEBUG Input                - Registered new binding: action6 - Left
09:28:44.046 [JavaFX Application Thread] DEBUG Input                - Registered new binding: action7 - Right
09:28:44.047 [JavaFX Application Thread] DEBUG Input                - Registered new binding: action8 - Q
09:28:44.049 [JavaFX Application Thread] DEBUG FXGLAssetLoaderServi - Loading from file system: jar:file:///C:/Users/zarok/.m2/repository/com/github/almasb/fxgl/11.17/fxgl-11.17.jar!/fxglassets/textures/fxgl_icon.png
09:28:44.087 [FXGL Background Thread 4 ] DEBUG FXGLAssetLoaderServi - Loading from file system: jar:file:///C:/Users/zarok/.m2/repository/com/github/almasb/fxgl/11.17/fxgl-11.17.jar!/fxglassets/ui/fonts/Abel-Regular.ttf
09:28:44.120 [JavaFX Application Thread] DEBUG FXGLAssetLoaderServi - Loading from file system: jar:file:///C:/Users/zarok/.m2/repository/com/github/almasb/fxgl/11.17/fxgl-11.17.jar!/fxglassets/textures/fxgl_default_cursor.png
09:28:44.122 [FXGL Background Thread 4 ] DEBUG FXGLAssetLoaderServi - Loading from file system: jar:file:///C:/Users/zarok/.m2/repository/com/github/almasb/fxgl/11.17/fxgl-11.17.jar!/fxglassets/ui/fonts/lucida_console.ttf
09:28:44.129 [JavaFX Application Thread] DEBUG Input                - Registered new binding: Screenshot - CTRL+8
09:28:44.130 [JavaFX Application Thread] DEBUG Input                - Registered new binding: System info dump - CTRL+9
09:28:44.132 [JavaFX Application Thread] DEBUG Input                - Registered new binding: Restart - CTRL+R
09:28:44.135 [JavaFX Application Thread] DEBUG Input                - Registered new binding: Toggle Debug Camera - CTRL+C
09:28:44.142 [JavaFX Application Thread] DEBUG LoopRunner           - Starting loop
09:28:44.142 [JavaFX Application Thread] DEBUG LoopRunner           - Initializing JavaFX AnimationTimerLoop
09:28:44.154 [JavaFX Application Thread] DEBUG Input                - Clearing active input actions
09:28:44.171 [FXGL Background Thread 4 ] DEBUG FXGLAssetLoaderServi - Loading from file system: jar:file:///C:/Users/zarok/.m2/repository/com/github/almasb/fxgl/11.17/fxgl-11.17.jar!/fxglassets/ui/fonts/Courier-Prime.ttf
09:28:44.182 [JavaFX Application Thread] DEBUG GameApplicationServi - Removing overlay from FXGLStartupScene and adding to FXGLMainMenuDummyScene
09:28:44.183 [JavaFX Application Thread] DEBUG PrimaryStageWindow   - FXGLStartupScene -> FXGLMainMenuDummyScene
09:28:44.183 [JavaFX Application Thread] DEBUG PrimaryStageWindow   - Push state: FXGLDefaultMenu
09:28:44.208 [JavaFX Application Thread] DEBUG Input                - Clearing active input actions
09:28:44.240 [JavaFX Application Thread] DEBUG GameApplicationServi - Removing overlay from FXGLMainMenuDummyScene and adding to FXGLDefaultMenu
09:28:44.241 [JavaFX Application Thread] DEBUG PrimaryStageWindow   - FXGLMainMenuDummyScene -> FXGLDefaultMenu
09:28:44.507 [JavaFX Application Thread] DEBUG FXGLApplication      - Registering font factories with UI factory
09:28:46.455 [FXGL Background Thread 2 ] INFO  UpdaterService       - Your current version:  11.17
09:28:46.456 [FXGL Background Thread 2 ] INFO  UpdaterService       - Latest stable version: 21.1
09:28:46.925 [FXGL Background Thread 3 ] DEBUG Engine               - Logging environment variables
09:28:46.927 [FXGL Background Thread 3 ] DEBUG Engine               - achievements: []
09:28:46.928 [FXGL Background Thread 3 ] DEBUG Engine               - actualHeight: 720.0
09:28:46.928 [FXGL Background Thread 3 ] DEBUG Engine               - actualHeightProperty: ReadOnlyDoubleProperty [value: 720.0]
09:28:46.929 [FXGL Background Thread 3 ] DEBUG Engine               - actualWidth: 1280.0
09:28:46.929 [FXGL Background Thread 3 ] DEBUG Engine               - actualWidthProperty: ReadOnlyDoubleProperty [value: 1280.0]
09:28:46.929 [FXGL Background Thread 3 ] DEBUG Engine               - appIcon: fxgl_icon.png
09:28:46.930 [FXGL Background Thread 3 ] DEBUG Engine               - applicationMode: DEVELOPER
09:28:46.931 [FXGL Background Thread 3 ] DEBUG Engine               - cSSList: [fxgl_dark.css]
09:28:46.933 [FXGL Background Thread 3 ] DEBUG Engine               - collisionDetectionStrategy: BRUTE_FORCE
09:28:46.933 [FXGL Background Thread 3 ] DEBUG Engine               - configClass: Optional.empty
09:28:46.933 [FXGL Background Thread 3 ] DEBUG Engine               - credits: []
09:28:46.933 [FXGL Background Thread 3 ] DEBUG Engine               - defaultCursor: CursorInfo(imageName=fxgl_default_cursor.png, hotspotX=7.0, hotspotY=6.0)
09:28:46.934 [FXGL Background Thread 3 ] DEBUG Engine               - devBBoxColorProperty: ObjectProperty [value: 0xff0000ff]
09:28:46.934 [FXGL Background Thread 3 ] DEBUG Engine               - devEnableDebugCameraProperty: BooleanProperty [value: false]
09:28:46.935 [FXGL Background Thread 3 ] DEBUG Engine               - devSensorColorProperty: ObjectProperty [value: 0xffff00ff]
09:28:46.936 [FXGL Background Thread 3 ] DEBUG Engine               - devShowBBoxProperty: BooleanProperty [value: false]
09:28:46.936 [FXGL Background Thread 3 ] DEBUG Engine               - devShowPositionProperty: BooleanProperty [value: false]
09:28:46.936 [FXGL Background Thread 3 ] DEBUG Engine               - enabledMenuItems: []
09:28:46.937 [FXGL Background Thread 3 ] DEBUG Engine               - engineServices: [class com.almasb.fxgl.app.services.FXGLAssetLoaderService, class com.almasb.fxgl.app.FXGLApplication$GameApplicationService, class com.almasb.fxgl.app.services.FXGLDialogService, class com.almasb.fxgl.app.services.IOTaskExecutorService, class com.almasb.fxgl.io.FileSystemService, class com.almasb.fxgl.localization.LocalizationService, class com.almasb.fxgl.app.services.SystemBundleService, class com.almasb.fxgl.profile.SaveLoadService, class com.almasb.fxgl.ui.FXGLUIFactoryServiceProvider, class com.almasb.fxgl.ui.FXGLDialogFactoryServiceProvider, class com.almasb.fxgl.audio.AudioPlayer, class com.almasb.fxgl.notification.impl.NotificationServiceProvider, class com.almasb.fxgl.achievement.AchievementService, class com.almasb.fxgl.cutscene.CutsceneService, class com.almasb.fxgl.minigames.MiniGameService, class com.almasb.fxgl.net.NetService, class com.almasb.fxgl.app.services.UpdaterService, class com.almasb.fxgl.dev.DevService]
09:28:46.937 [FXGL Background Thread 3 ] DEBUG Engine               - fontGame: Abel-Regular.ttf
09:28:46.938 [FXGL Background Thread 3 ] DEBUG Engine               - fontMono: lucida_console.ttf
09:28:46.938 [FXGL Background Thread 3 ] DEBUG Engine               - fontText: Courier-Prime.ttf
09:28:46.938 [FXGL Background Thread 3 ] DEBUG Engine               - fontUI: VarelaRound-Regular.ttf
09:28:46.939 [FXGL Background Thread 3 ] DEBUG Engine               - fullScreen: BooleanProperty [value: false]
09:28:46.940 [FXGL Background Thread 3 ] DEBUG Engine               - gameDifficulty: MEDIUM
09:28:46.941 [FXGL Background Thread 3 ] DEBUG Engine               - gameDifficultyProperty: ObjectProperty [value: MEDIUM]
09:28:46.941 [FXGL Background Thread 3 ] DEBUG Engine               - globalMusicVolume: 0.5
09:28:46.942 [FXGL Background Thread 3 ] DEBUG Engine               - globalMusicVolumeProperty: DoubleProperty [value: 0.5]
09:28:46.942 [FXGL Background Thread 3 ] DEBUG Engine               - globalSoundVolume: 0.5
09:28:46.943 [FXGL Background Thread 3 ] DEBUG Engine               - globalSoundVolumeProperty: DoubleProperty [value: 0.5]
09:28:46.943 [FXGL Background Thread 3 ] DEBUG Engine               - height: 720
09:28:46.943 [FXGL Background Thread 3 ] DEBUG Engine               - is3D: false
09:28:46.943 [FXGL Background Thread 3 ] DEBUG Engine               - isAndroid: false
09:28:46.944 [FXGL Background Thread 3 ] DEBUG Engine               - isBrowser: false
09:28:46.944 [FXGL Background Thread 3 ] DEBUG Engine               - isClickFeedbackEnabled: false
09:28:46.944 [FXGL Background Thread 3 ] DEBUG Engine               - isCloseConfirmation: false
09:28:46.945 [FXGL Background Thread 3 ] DEBUG Engine               - isDesktop: true
09:28:46.945 [FXGL Background Thread 3 ] DEBUG Engine               - isDeveloperMenuEnabled: false
09:28:46.945 [FXGL Background Thread 3 ] DEBUG Engine               - isEntityPreloadEnabled: true
09:28:46.946 [FXGL Background Thread 3 ] DEBUG Engine               - isExperimentalTiledLargeMap: false
09:28:46.946 [FXGL Background Thread 3 ] DEBUG Engine               - isFileSystemWriteAllowed: true
09:28:46.947 [FXGL Background Thread 3 ] DEBUG Engine               - isFullScreenAllowed: false
09:28:46.947 [FXGL Background Thread 3 ] DEBUG Engine               - isFullScreenFromStart: false
09:28:46.948 [FXGL Background Thread 3 ] DEBUG Engine               - isGameMenuEnabled: true
09:28:46.948 [FXGL Background Thread 3 ] DEBUG Engine               - isIOS: false
09:28:46.949 [FXGL Background Thread 3 ] DEBUG Engine               - isIntroEnabled: false
09:28:46.949 [FXGL Background Thread 3 ] DEBUG Engine               - isLinux: false
09:28:46.950 [FXGL Background Thread 3 ] DEBUG Engine               - isMac: false
09:28:46.950 [FXGL Background Thread 3 ] DEBUG Engine               - isMainMenuEnabled: true
09:28:46.950 [FXGL Background Thread 3 ] DEBUG Engine               - isManualResizeEnabled: false
09:28:46.951 [FXGL Background Thread 3 ] DEBUG Engine               - isMobile: false
09:28:46.951 [FXGL Background Thread 3 ] DEBUG Engine               - isNative: false
09:28:46.951 [FXGL Background Thread 3 ] DEBUG Engine               - isPauseMusicWhenMinimized: true
09:28:46.952 [FXGL Background Thread 3 ] DEBUG Engine               - isPreserveResizeRatio: false
09:28:46.952 [FXGL Background Thread 3 ] DEBUG Engine               - isProfilingEnabled: false
09:28:46.952 [FXGL Background Thread 3 ] DEBUG Engine               - isScaleAffectedOnResize: true
09:28:46.953 [FXGL Background Thread 3 ] DEBUG Engine               - isSingleStep: false
09:28:46.953 [FXGL Background Thread 3 ] DEBUG Engine               - isUserProfileEnabled: false
09:28:46.954 [FXGL Background Thread 3 ] DEBUG Engine               - isWindows: true
09:28:46.954 [FXGL Background Thread 3 ] DEBUG Engine               - language: ObjectProperty [value: ENGLISH]
09:28:46.955 [FXGL Background Thread 3 ] DEBUG Engine               - menuKey: ESCAPE
09:28:46.955 [FXGL Background Thread 3 ] DEBUG Engine               - mouseSensitivity: 0.2
09:28:46.955 [FXGL Background Thread 3 ] DEBUG Engine               - notificationViewClass: class com.almasb.fxgl.notification.view.XboxNotificationView
09:28:46.956 [FXGL Background Thread 3 ] DEBUG Engine               - pixelsPerMeter: 50.0
09:28:46.956 [FXGL Background Thread 3 ] DEBUG Engine               - platform: WINDOWS
09:28:46.956 [FXGL Background Thread 3 ] DEBUG Engine               - prefHeightProperty: ReadOnlyDoubleProperty [value: 720.0]
09:28:46.957 [FXGL Background Thread 3 ] DEBUG Engine               - prefWidthProperty: ReadOnlyDoubleProperty [value: 1280.0]
09:28:46.958 [FXGL Background Thread 3 ] DEBUG Engine               - profileDir: profiles/
09:28:46.958 [FXGL Background Thread 3 ] DEBUG Engine               - profileName: StringProperty [value: DEFAULT]
09:28:46.959 [FXGL Background Thread 3 ] DEBUG Engine               - randomSeed: -1
09:28:46.959 [FXGL Background Thread 3 ] DEBUG Engine               - runtimeInfo: RuntimeInfo(platform=WINDOWS, version=11.17, build=16.07.2021 15.46)
09:28:46.959 [FXGL Background Thread 3 ] DEBUG Engine               - saveFileExt: sav
09:28:46.960 [FXGL Background Thread 3 ] DEBUG Engine               - scaledHeightProp$fxgl: DoubleProperty [bound, value: 720.0]
09:28:46.960 [FXGL Background Thread 3 ] DEBUG Engine               - scaledWidthProp$fxgl: DoubleProperty [bound, value: 1280.0]
09:28:46.960 [FXGL Background Thread 3 ] DEBUG Engine               - sceneFactory: com.almasb.fxgl.app.scene.SceneFactory@37664de8
09:28:46.961 [FXGL Background Thread 3 ] DEBUG Engine               - secondsIn24h: 60
09:28:46.961 [FXGL Background Thread 3 ] DEBUG Engine               - soundMenuBack: menu/back.wav
09:28:46.962 [FXGL Background Thread 3 ] DEBUG Engine               - soundMenuPress: menu/press.wav
09:28:46.962 [FXGL Background Thread 3 ] DEBUG Engine               - soundMenuSelect: menu/select.wav
09:28:46.962 [FXGL Background Thread 3 ] DEBUG Engine               - soundNotification: core/notification.wav
09:28:46.963 [FXGL Background Thread 3 ] DEBUG Engine               - stageStyle: DECORATED
09:28:46.963 [FXGL Background Thread 3 ] DEBUG Engine               - supportedLanguages: [ENGLISH, FRENCH, GERMAN, HUNGARIAN, RUSSIAN]
09:28:46.963 [FXGL Background Thread 3 ] DEBUG Engine               - ticksPerSecond: -1
09:28:46.964 [FXGL Background Thread 3 ] DEBUG Engine               - title: Cool Game!!
09:28:46.964 [FXGL Background Thread 3 ] DEBUG Engine               - urlGithub: https://github.com/AlmasB/FXGL
09:28:46.964 [FXGL Background Thread 3 ] DEBUG Engine               - urlLeaderboard: http://fxgl-top.herokuapp.com/
09:28:46.965 [FXGL Background Thread 3 ] DEBUG Engine               - urlPOM: https://raw.githubusercontent.com/AlmasB/FXGL/release/README.md
09:28:46.965 [FXGL Background Thread 3 ] DEBUG Engine               - userAppClass: class com.example.javafx_project.MainGameApplication
09:28:46.965 [FXGL Background Thread 3 ] DEBUG Engine               - version: 1.0.0
09:28:46.966 [FXGL Background Thread 3 ] DEBUG Engine               - versionCheckDays: 7
09:28:46.966 [FXGL Background Thread 3 ] DEBUG Engine               - width: 1280
09:28:46.967 [FXGL Background Thread 3 ] DEBUG Engine               - Logging services
09:28:46.967 [FXGL Background Thread 3 ] DEBUG Engine               - class com.almasb.fxgl.app.services.FXGLAssetLoaderService
09:28:46.968 [FXGL Background Thread 3 ] DEBUG Engine               - class com.almasb.fxgl.app.FXGLApplication$GameApplicationService
09:28:46.969 [FXGL Background Thread 3 ] DEBUG Engine               - class com.almasb.fxgl.app.services.FXGLDialogService
09:28:46.970 [FXGL Background Thread 3 ] DEBUG Engine               - class com.almasb.fxgl.app.services.IOTaskExecutorService
09:28:46.970 [FXGL Background Thread 3 ] DEBUG Engine               - class com.almasb.fxgl.io.FileSystemService
09:28:46.971 [FXGL Background Thread 3 ] DEBUG Engine               - class com.almasb.fxgl.localization.LocalizationService
09:28:46.971 [FXGL Background Thread 3 ] DEBUG Engine               - class com.almasb.fxgl.app.services.SystemBundleService
09:28:46.972 [FXGL Background Thread 3 ] DEBUG Engine               - class com.almasb.fxgl.profile.SaveLoadService
09:28:46.972 [FXGL Background Thread 3 ] DEBUG Engine               - class com.almasb.fxgl.ui.FXGLUIFactoryServiceProvider
09:28:46.972 [FXGL Background Thread 3 ] DEBUG Engine               - class com.almasb.fxgl.ui.FXGLDialogFactoryServiceProvider
09:28:46.973 [FXGL Background Thread 3 ] DEBUG Engine               - class com.almasb.fxgl.audio.AudioPlayer
09:28:46.973 [FXGL Background Thread 3 ] DEBUG Engine               - class com.almasb.fxgl.notification.impl.NotificationServiceProvider
09:28:46.973 [FXGL Background Thread 3 ] DEBUG Engine               - class com.almasb.fxgl.achievement.AchievementService
09:28:46.973 [FXGL Background Thread 3 ] DEBUG Engine               - class com.almasb.fxgl.cutscene.CutsceneService
09:28:46.974 [FXGL Background Thread 3 ] DEBUG Engine               - class com.almasb.fxgl.minigames.MiniGameService
09:28:46.974 [FXGL Background Thread 3 ] DEBUG Engine               - class com.almasb.fxgl.net.NetService
09:28:46.974 [FXGL Background Thread 3 ] DEBUG Engine               - class com.almasb.fxgl.app.services.UpdaterService
09:28:46.974 [FXGL Background Thread 3 ] DEBUG Engine               - class com.almasb.fxgl.dev.DevService
09:29:00.830 [JavaFX Application Thread] DEBUG FXGL.DefaultMenu     - createContentControls()
09:29:02.631 [JavaFX Application Thread] DEBUG FXGLApplication      - Exiting FXGL
09:29:02.631 [JavaFX Application Thread] DEBUG LoopRunner           - Stopping loop
09:29:02.631 [JavaFX Application Thread] DEBUG SystemBundleService  - Saving FXGL system data
09:29:02.637 [JavaFX Application Thread] DEBUG FileSystemAccess     - Writing to: C:\Users\zarok\Mein Ordner\Schule\Spengergasse\2DHIF\POS\JavaFX Project\system\fxgl.bundle
09:29:02.642 [JavaFX Application Thread] DEBUG Async                - Shutting down background threads
09:29:02.642 [JavaFX Application Thread] DEBUG PrimaryStageWindow   - Closing main window
09:29:02.685 [JavaFX Application Thread] DEBUG Logger               - Closing Logger
