09:27:08.111 [main                     ] DEBUG Logger               - Configured Logger
09:27:08.116 [main                     ] DEBUG GameApplication      - Logging settings
Title: Cool Game!!
Version: 1.0.0
Width: 1000
Height: 1000
Fullscreen: false
Intro: false
Profiling: false
Single step:false
App Mode: DEVELOPER
Menu Key: ESCAPE
Stage Style: DECORATED
Scene Factory: class com.almasb.fxgl.app.scene.SceneFactory

09:27:08.999 [JavaFX Application Thread] DEBUG FXGLApplication      - Initializing FXGL
09:27:09.004 [JavaFX Application Thread] INFO  Engine               - FXGL-11.17 (16.07.2021 15.46) on WINDOWS (J:21.0.2 FX:17.0.2-ea)
09:27:09.004 [JavaFX Application Thread] DEBUG Engine               - JRE Vendor Name: Azul Systems, Inc.
09:27:09.004 [JavaFX Application Thread] DEBUG Engine               - Running on OS: Windows 10 version 10.0
09:27:09.004 [JavaFX Application Thread] DEBUG Engine               - Architecture: amd64
09:27:09.005 [JavaFX Application Thread] INFO  Engine               - Source code and latest versions at: https://github.com/AlmasB/FXGL
09:27:09.005 [JavaFX Application Thread] INFO  Engine               -              Join the FXGL chat at: https://gitter.im/AlmasB/FXGL
09:27:09.194 [JavaFX Application Thread] DEBUG PrimaryStageWindow   - Creating a JavaFX scene
09:27:09.194 [JavaFX Application Thread] DEBUG PrimaryStageWindow   - Target size > screen size
09:27:09.297 [JavaFX Application Thread] DEBUG PrimaryStageWindow   - Target settings size: 1000.0 x 1000.0
09:27:09.297 [JavaFX Application Thread] DEBUG PrimaryStageWindow   - Scaled scene size:    839.0 x 864.0
09:27:09.297 [JavaFX Application Thread] DEBUG PrimaryStageWindow   - Scaled ratio: (0.839, 0.864)
09:27:09.299 [JavaFX Application Thread] DEBUG PrimaryStageWindow   - Set initial scene to FXGLStartupScene
09:27:09.312 [JavaFX Application Thread] DEBUG PrimaryStageWindow   - Opening main window
09:27:09.505 [JavaFX Application Thread] DEBUG PrimaryStageWindow   - Window border size: (14.5999755859375, 37.5999755859375)
09:27:09.506 [JavaFX Application Thread] DEBUG PrimaryStageWindow   - Scaled size: 839.0 x 864.0
09:27:09.507 [JavaFX Application Thread] DEBUG PrimaryStageWindow   - Scaled ratio: (0.839, 0.864)
09:27:09.507 [JavaFX Application Thread] DEBUG PrimaryStageWindow   - Scene size: 839.0 x 864.0
09:27:09.508 [JavaFX Application Thread] DEBUG PrimaryStageWindow   - Stage size: 853.5999755859375 x 901.5999755859375
09:27:09.529 [FXGL Background Thread 1 ] DEBUG Engine               - Initializing environment variables
09:27:09.715 [FXGL Background Thread 1 ] DEBUG FXGLAssetLoaderServi - User app class for loading assets: class com.example.javafx_project.MainGameApplication
09:27:09.716 [FXGL Background Thread 1 ] DEBUG GameApplicationServi - Applying CSS: fxgl_dark.css
09:27:09.718 [FXGL Background Thread 1 ] DEBUG FXGLAssetLoaderServi - Loading from file system: jar:file:///C:/Users/zarok/.m2/repository/com/github/almasb/fxgl/11.17/fxgl-11.17.jar!/fxglassets/ui/css/fxgl_dark.css
09:27:09.842 [FXGL Background Thread 1 ] DEBUG GameApplicationServi - Initializing application scenes
09:27:09.945 [FXGL Background Thread 1 ] DEBUG GameWorld            - Game world initialized
09:27:10.165 [FXGL Background Thread 1 ] DEBUG PhysicsWorld         - Physics world initialized: appHeight=1000, physics.ppm=50,0
09:27:10.165 [FXGL Background Thread 1 ] DEBUG PhysicsWorld         - Using strategy: BRUTE_FORCE
09:27:10.174 [FXGL Background Thread 1 ] DEBUG GameScene            - Game scene initialized: 1000x1000
09:27:10.218 [FXGL Background Thread 1 ] DEBUG FXGL.DefaultMenu     - createMenuBodyMainMenu()
09:27:10.273 [FXGL Background Thread 1 ] DEBUG FXGL.DefaultMenu     - createOptionsMenu()
09:27:10.307 [FXGL Background Thread 1 ] DEBUG FXGLAssetLoaderServi - Loading from file system: jar:file:///C:/Users/zarok/.m2/repository/com/github/almasb/fxgl/11.17/fxgl-11.17.jar!/fxglassets/textures/particles/smoke.png
09:27:10.660 [FXGL Background Thread 1 ] DEBUG FXGLAssetLoaderServi - Loading from file system: jar:file:///C:/Users/zarok/.m2/repository/com/github/almasb/fxgl/11.17/fxgl-11.17.jar!/fxglassets/textures/particles/trace_horizontal.png
09:27:10.767 [FXGL Background Thread 1 ] DEBUG FXGL.DefaultMenu     - createMenuBodyGameMenu()
09:27:10.771 [FXGL Background Thread 1 ] DEBUG FXGL.DefaultMenu     - createOptionsMenu()
09:27:10.817 [FXGL Background Thread 1 ] DEBUG GameApplicationServi - Application scenes initialized
09:27:10.846 [FXGL Background Thread 1 ] DEBUG SystemBundleService  - Loading FXGL system data
09:27:10.860 [FXGL Background Thread 1 ] DEBUG FileSystemAccess     - Reading from: C:\Users\zarok\Mein Ordner\Schule\Spengergasse\2DHIF\POS\JavaFX Project\system\fxgl.bundle
09:27:10.883 [FXGL Background Thread 1 ] DEBUG SystemBundleService  - Bundle FXGL: {}
09:27:10.883 [FXGL Background Thread 1 ] DEBUG UpdaterService       - Checking for updates
09:27:10.900 [FXGL Background Thread 1 ] DEBUG FXGLApplication      - Loading default localization
09:27:10.900 [FXGL Background Thread 4 ] DEBUG FXGLApplication      - Loading fonts
09:27:10.901 [FXGL Background Thread 1 ] DEBUG FXGLAssetLoaderServi - Loading from file system: jar:file:///C:/Users/zarok/.m2/repository/com/github/almasb/fxgl/11.17/fxgl-11.17.jar!/fxglassets/languages/english.lang
09:27:10.901 [FXGL Background Thread 4 ] DEBUG FXGLAssetLoaderServi - Loading from file system: jar:file:///C:/Users/zarok/.m2/repository/com/github/almasb/fxgl/11.17/fxgl-11.17.jar!/fxglassets/ui/fonts/VarelaRound-Regular.ttf
09:27:10.961 [FXGL Background Thread 1 ] INFO  FXGLApplication      - FXGL initialization took: 1,431 sec
09:27:11.006 [JavaFX Application Thread] DEBUG Input                - Registered new binding: action0 - W
09:27:11.008 [JavaFX Application Thread] DEBUG Input                - Registered new binding: action1 - S
09:27:11.011 [JavaFX Application Thread] DEBUG Input                - Registered new binding: action2 - A
09:27:11.012 [JavaFX Application Thread] DEBUG Input                - Registered new binding: action3 - D
09:27:11.014 [JavaFX Application Thread] DEBUG Input                - Registered new binding: action4 - Up
09:27:11.015 [JavaFX Application Thread] DEBUG Input                - Registered new binding: action5 - Down
09:27:11.016 [JavaFX Application Thread] DEBUG Input                - Registered new binding: action6 - Left
09:27:11.017 [JavaFX Application Thread] DEBUG Input                - Registered new binding: action7 - Right
09:27:11.018 [JavaFX Application Thread] DEBUG Input                - Registered new binding: action8 - Q
09:27:11.020 [JavaFX Application Thread] DEBUG FXGLAssetLoaderServi - Loading from file system: jar:file:///C:/Users/zarok/.m2/repository/com/github/almasb/fxgl/11.17/fxgl-11.17.jar!/fxglassets/textures/fxgl_icon.png
09:27:11.056 [FXGL Background Thread 4 ] DEBUG FXGLAssetLoaderServi - Loading from file system: jar:file:///C:/Users/zarok/.m2/repository/com/github/almasb/fxgl/11.17/fxgl-11.17.jar!/fxglassets/ui/fonts/Abel-Regular.ttf
09:27:11.094 [FXGL Background Thread 4 ] DEBUG FXGLAssetLoaderServi - Loading from file system: jar:file:///C:/Users/zarok/.m2/repository/com/github/almasb/fxgl/11.17/fxgl-11.17.jar!/fxglassets/ui/fonts/lucida_console.ttf
09:27:11.108 [JavaFX Application Thread] DEBUG FXGLAssetLoaderServi - Loading from file system: jar:file:///C:/Users/zarok/.m2/repository/com/github/almasb/fxgl/11.17/fxgl-11.17.jar!/fxglassets/textures/fxgl_default_cursor.png
09:27:11.118 [JavaFX Application Thread] DEBUG Input                - Registered new binding: Screenshot - CTRL+8
09:27:11.118 [JavaFX Application Thread] DEBUG Input                - Registered new binding: System info dump - CTRL+9
09:27:11.121 [JavaFX Application Thread] DEBUG Input                - Registered new binding: Restart - CTRL+R
09:27:11.124 [JavaFX Application Thread] DEBUG Input                - Registered new binding: Toggle Debug Camera - CTRL+C
09:27:11.132 [JavaFX Application Thread] DEBUG LoopRunner           - Starting loop
09:27:11.132 [JavaFX Application Thread] DEBUG LoopRunner           - Initializing JavaFX AnimationTimerLoop
09:27:11.132 [FXGL Background Thread 4 ] DEBUG FXGLAssetLoaderServi - Loading from file system: jar:file:///C:/Users/zarok/.m2/repository/com/github/almasb/fxgl/11.17/fxgl-11.17.jar!/fxglassets/ui/fonts/Courier-Prime.ttf
09:27:11.143 [JavaFX Application Thread] DEBUG Input                - Clearing active input actions
09:27:11.169 [JavaFX Application Thread] DEBUG GameApplicationServi - Removing overlay from FXGLStartupScene and adding to FXGLMainMenuDummyScene
09:27:11.170 [JavaFX Application Thread] DEBUG PrimaryStageWindow   - FXGLStartupScene -> FXGLMainMenuDummyScene
09:27:11.171 [JavaFX Application Thread] DEBUG PrimaryStageWindow   - Push state: FXGLDefaultMenu
09:27:11.208 [JavaFX Application Thread] DEBUG Input                - Clearing active input actions
09:27:11.240 [JavaFX Application Thread] DEBUG GameApplicationServi - Removing overlay from FXGLMainMenuDummyScene and adding to FXGLDefaultMenu
09:27:11.240 [JavaFX Application Thread] DEBUG PrimaryStageWindow   - FXGLMainMenuDummyScene -> FXGLDefaultMenu
09:27:11.542 [JavaFX Application Thread] DEBUG FXGLApplication      - Registering font factories with UI factory
09:27:12.709 [FXGL Background Thread 2 ] INFO  UpdaterService       - Your current version:  11.17
09:27:12.709 [FXGL Background Thread 2 ] INFO  UpdaterService       - Latest stable version: 21.1
09:27:13.893 [FXGL Background Thread 3 ] DEBUG Engine               - Logging environment variables
09:27:13.894 [FXGL Background Thread 3 ] DEBUG Engine               - achievements: []
09:27:13.895 [FXGL Background Thread 3 ] DEBUG Engine               - actualHeight: 864.0
09:27:13.896 [FXGL Background Thread 3 ] DEBUG Engine               - actualHeightProperty: ReadOnlyDoubleProperty [value: 864.0]
09:27:13.896 [FXGL Background Thread 3 ] DEBUG Engine               - actualWidth: 839.0
09:27:13.897 [FXGL Background Thread 3 ] DEBUG Engine               - actualWidthProperty: ReadOnlyDoubleProperty [value: 839.0]
09:27:13.897 [FXGL Background Thread 3 ] DEBUG Engine               - appIcon: fxgl_icon.png
09:27:13.897 [FXGL Background Thread 3 ] DEBUG Engine               - applicationMode: DEVELOPER
09:27:13.897 [FXGL Background Thread 3 ] DEBUG Engine               - cSSList: [fxgl_dark.css]
09:27:13.898 [FXGL Background Thread 3 ] DEBUG Engine               - collisionDetectionStrategy: BRUTE_FORCE
09:27:13.898 [FXGL Background Thread 3 ] DEBUG Engine               - configClass: Optional.empty
09:27:13.898 [FXGL Background Thread 3 ] DEBUG Engine               - credits: []
09:27:13.899 [FXGL Background Thread 3 ] DEBUG Engine               - defaultCursor: CursorInfo(imageName=fxgl_default_cursor.png, hotspotX=7.0, hotspotY=6.0)
09:27:13.901 [FXGL Background Thread 3 ] DEBUG Engine               - devBBoxColorProperty: ObjectProperty [value: 0xff0000ff]
09:27:13.901 [FXGL Background Thread 3 ] DEBUG Engine               - devEnableDebugCameraProperty: BooleanProperty [value: false]
09:27:13.902 [FXGL Background Thread 3 ] DEBUG Engine               - devSensorColorProperty: ObjectProperty [value: 0xffff00ff]
09:27:13.902 [FXGL Background Thread 3 ] DEBUG Engine               - devShowBBoxProperty: BooleanProperty [value: false]
09:27:13.902 [FXGL Background Thread 3 ] DEBUG Engine               - devShowPositionProperty: BooleanProperty [value: false]
09:27:13.902 [FXGL Background Thread 3 ] DEBUG Engine               - enabledMenuItems: []
09:27:13.902 [FXGL Background Thread 3 ] DEBUG Engine               - engineServices: [class com.almasb.fxgl.app.services.FXGLAssetLoaderService, class com.almasb.fxgl.app.FXGLApplication$GameApplicationService, class com.almasb.fxgl.app.services.FXGLDialogService, class com.almasb.fxgl.app.services.IOTaskExecutorService, class com.almasb.fxgl.io.FileSystemService, class com.almasb.fxgl.localization.LocalizationService, class com.almasb.fxgl.app.services.SystemBundleService, class com.almasb.fxgl.profile.SaveLoadService, class com.almasb.fxgl.ui.FXGLUIFactoryServiceProvider, class com.almasb.fxgl.ui.FXGLDialogFactoryServiceProvider, class com.almasb.fxgl.audio.AudioPlayer, class com.almasb.fxgl.notification.impl.NotificationServiceProvider, class com.almasb.fxgl.achievement.AchievementService, class com.almasb.fxgl.cutscene.CutsceneService, class com.almasb.fxgl.minigames.MiniGameService, class com.almasb.fxgl.net.NetService, class com.almasb.fxgl.app.services.UpdaterService, class com.almasb.fxgl.dev.DevService]
09:27:13.903 [FXGL Background Thread 3 ] DEBUG Engine               - fontGame: Abel-Regular.ttf
09:27:13.903 [FXGL Background Thread 3 ] DEBUG Engine               - fontMono: lucida_console.ttf
09:27:13.905 [FXGL Background Thread 3 ] DEBUG Engine               - fontText: Courier-Prime.ttf
09:27:13.905 [FXGL Background Thread 3 ] DEBUG Engine               - fontUI: VarelaRound-Regular.ttf
09:27:13.905 [FXGL Background Thread 3 ] DEBUG Engine               - fullScreen: BooleanProperty [value: false]
09:27:13.905 [FXGL Background Thread 3 ] DEBUG Engine               - gameDifficulty: MEDIUM
09:27:13.906 [FXGL Background Thread 3 ] DEBUG Engine               - gameDifficultyProperty: ObjectProperty [value: MEDIUM]
09:27:13.906 [FXGL Background Thread 3 ] DEBUG Engine               - globalMusicVolume: 0.5
09:27:13.906 [FXGL Background Thread 3 ] DEBUG Engine               - globalMusicVolumeProperty: DoubleProperty [value: 0.5]
09:27:13.907 [FXGL Background Thread 3 ] DEBUG Engine               - globalSoundVolume: 0.5
09:27:13.907 [FXGL Background Thread 3 ] DEBUG Engine               - globalSoundVolumeProperty: DoubleProperty [value: 0.5]
09:27:13.907 [FXGL Background Thread 3 ] DEBUG Engine               - height: 1000
09:27:13.907 [FXGL Background Thread 3 ] DEBUG Engine               - is3D: false
09:27:13.907 [FXGL Background Thread 3 ] DEBUG Engine               - isAndroid: false
09:27:13.907 [FXGL Background Thread 3 ] DEBUG Engine               - isBrowser: false
09:27:13.908 [FXGL Background Thread 3 ] DEBUG Engine               - isClickFeedbackEnabled: false
09:27:13.909 [FXGL Background Thread 3 ] DEBUG Engine               - isCloseConfirmation: false
09:27:13.909 [FXGL Background Thread 3 ] DEBUG Engine               - isDesktop: true
09:27:13.909 [FXGL Background Thread 3 ] DEBUG Engine               - isDeveloperMenuEnabled: false
09:27:13.909 [FXGL Background Thread 3 ] DEBUG Engine               - isEntityPreloadEnabled: true
09:27:13.910 [FXGL Background Thread 3 ] DEBUG Engine               - isExperimentalTiledLargeMap: false
09:27:13.910 [FXGL Background Thread 3 ] DEBUG Engine               - isFileSystemWriteAllowed: true
09:27:13.910 [FXGL Background Thread 3 ] DEBUG Engine               - isFullScreenAllowed: false
09:27:13.910 [FXGL Background Thread 3 ] DEBUG Engine               - isFullScreenFromStart: false
09:27:13.910 [FXGL Background Thread 3 ] DEBUG Engine               - isGameMenuEnabled: true
09:27:13.910 [FXGL Background Thread 3 ] DEBUG Engine               - isIOS: false
09:27:13.910 [FXGL Background Thread 3 ] DEBUG Engine               - isIntroEnabled: false
09:27:13.910 [FXGL Background Thread 3 ] DEBUG Engine               - isLinux: false
09:27:13.910 [FXGL Background Thread 3 ] DEBUG Engine               - isMac: false
09:27:13.911 [FXGL Background Thread 3 ] DEBUG Engine               - isMainMenuEnabled: true
09:27:13.912 [FXGL Background Thread 3 ] DEBUG Engine               - isManualResizeEnabled: false
09:27:13.912 [FXGL Background Thread 3 ] DEBUG Engine               - isMobile: false
09:27:13.912 [FXGL Background Thread 3 ] DEBUG Engine               - isNative: false
09:27:13.912 [FXGL Background Thread 3 ] DEBUG Engine               - isPauseMusicWhenMinimized: true
09:27:13.912 [FXGL Background Thread 3 ] DEBUG Engine               - isPreserveResizeRatio: false
09:27:13.912 [FXGL Background Thread 3 ] DEBUG Engine               - isProfilingEnabled: false
09:27:13.912 [FXGL Background Thread 3 ] DEBUG Engine               - isScaleAffectedOnResize: true
09:27:13.913 [FXGL Background Thread 3 ] DEBUG Engine               - isSingleStep: false
09:27:13.913 [FXGL Background Thread 3 ] DEBUG Engine               - isUserProfileEnabled: false
09:27:13.913 [FXGL Background Thread 3 ] DEBUG Engine               - isWindows: true
09:27:13.913 [FXGL Background Thread 3 ] DEBUG Engine               - language: ObjectProperty [value: ENGLISH]
09:27:13.914 [FXGL Background Thread 3 ] DEBUG Engine               - menuKey: ESCAPE
09:27:13.914 [FXGL Background Thread 3 ] DEBUG Engine               - mouseSensitivity: 0.2
09:27:13.915 [FXGL Background Thread 3 ] DEBUG Engine               - notificationViewClass: class com.almasb.fxgl.notification.view.XboxNotificationView
09:27:13.915 [FXGL Background Thread 3 ] DEBUG Engine               - pixelsPerMeter: 50.0
09:27:13.915 [FXGL Background Thread 3 ] DEBUG Engine               - platform: WINDOWS
09:27:13.916 [FXGL Background Thread 3 ] DEBUG Engine               - prefHeightProperty: ReadOnlyDoubleProperty [value: 1000.0]
09:27:13.916 [FXGL Background Thread 3 ] DEBUG Engine               - prefWidthProperty: ReadOnlyDoubleProperty [value: 1000.0]
09:27:13.916 [FXGL Background Thread 3 ] DEBUG Engine               - profileDir: profiles/
09:27:13.916 [FXGL Background Thread 3 ] DEBUG Engine               - profileName: StringProperty [value: DEFAULT]
09:27:13.917 [FXGL Background Thread 3 ] DEBUG Engine               - randomSeed: -1
09:27:13.917 [FXGL Background Thread 3 ] DEBUG Engine               - runtimeInfo: RuntimeInfo(platform=WINDOWS, version=11.17, build=16.07.2021 15.46)
09:27:13.917 [FXGL Background Thread 3 ] DEBUG Engine               - saveFileExt: sav
09:27:13.917 [FXGL Background Thread 3 ] DEBUG Engine               - scaledHeightProp$fxgl: DoubleProperty [bound, value: 864.0]
09:27:13.917 [FXGL Background Thread 3 ] DEBUG Engine               - scaledWidthProp$fxgl: DoubleProperty [bound, value: 839.0]
09:27:13.918 [FXGL Background Thread 3 ] DEBUG Engine               - sceneFactory: com.almasb.fxgl.app.scene.SceneFactory@458f4884
09:27:13.918 [FXGL Background Thread 3 ] DEBUG Engine               - secondsIn24h: 60
09:27:13.918 [FXGL Background Thread 3 ] DEBUG Engine               - soundMenuBack: menu/back.wav
09:27:13.918 [FXGL Background Thread 3 ] DEBUG Engine               - soundMenuPress: menu/press.wav
09:27:13.919 [FXGL Background Thread 3 ] DEBUG Engine               - soundMenuSelect: menu/select.wav
09:27:13.920 [FXGL Background Thread 3 ] DEBUG Engine               - soundNotification: core/notification.wav
09:27:13.920 [FXGL Background Thread 3 ] DEBUG Engine               - stageStyle: DECORATED
09:27:13.921 [FXGL Background Thread 3 ] DEBUG Engine               - supportedLanguages: [ENGLISH, FRENCH, GERMAN, HUNGARIAN, RUSSIAN]
09:27:13.921 [FXGL Background Thread 3 ] DEBUG Engine               - ticksPerSecond: -1
09:27:13.921 [FXGL Background Thread 3 ] DEBUG Engine               - title: Cool Game!!
09:27:13.921 [FXGL Background Thread 3 ] DEBUG Engine               - urlGithub: https://github.com/AlmasB/FXGL
09:27:13.922 [FXGL Background Thread 3 ] DEBUG Engine               - urlLeaderboard: http://fxgl-top.herokuapp.com/
09:27:13.922 [FXGL Background Thread 3 ] DEBUG Engine               - urlPOM: https://raw.githubusercontent.com/AlmasB/FXGL/release/README.md
09:27:13.922 [FXGL Background Thread 3 ] DEBUG Engine               - userAppClass: class com.example.javafx_project.MainGameApplication
09:27:13.922 [FXGL Background Thread 3 ] DEBUG Engine               - version: 1.0.0
09:27:13.923 [FXGL Background Thread 3 ] DEBUG Engine               - versionCheckDays: 7
09:27:13.923 [FXGL Background Thread 3 ] DEBUG Engine               - width: 1000
09:27:13.923 [FXGL Background Thread 3 ] DEBUG Engine               - Logging services
09:27:13.923 [FXGL Background Thread 3 ] DEBUG Engine               - class com.almasb.fxgl.app.services.FXGLAssetLoaderService
09:27:13.923 [FXGL Background Thread 3 ] DEBUG Engine               - class com.almasb.fxgl.app.FXGLApplication$GameApplicationService
09:27:13.924 [FXGL Background Thread 3 ] DEBUG Engine               - class com.almasb.fxgl.app.services.FXGLDialogService
09:27:13.924 [FXGL Background Thread 3 ] DEBUG Engine               - class com.almasb.fxgl.app.services.IOTaskExecutorService
09:27:13.924 [FXGL Background Thread 3 ] DEBUG Engine               - class com.almasb.fxgl.io.FileSystemService
09:27:13.924 [FXGL Background Thread 3 ] DEBUG Engine               - class com.almasb.fxgl.localization.LocalizationService
09:27:13.924 [FXGL Background Thread 3 ] DEBUG Engine               - class com.almasb.fxgl.app.services.SystemBundleService
09:27:13.925 [FXGL Background Thread 3 ] DEBUG Engine               - class com.almasb.fxgl.profile.SaveLoadService
09:27:13.925 [FXGL Background Thread 3 ] DEBUG Engine               - class com.almasb.fxgl.ui.FXGLUIFactoryServiceProvider
09:27:13.925 [FXGL Background Thread 3 ] DEBUG Engine               - class com.almasb.fxgl.ui.FXGLDialogFactoryServiceProvider
09:27:13.926 [FXGL Background Thread 3 ] DEBUG Engine               - class com.almasb.fxgl.audio.AudioPlayer
09:27:13.926 [FXGL Background Thread 3 ] DEBUG Engine               - class com.almasb.fxgl.notification.impl.NotificationServiceProvider
09:27:13.926 [FXGL Background Thread 3 ] DEBUG Engine               - class com.almasb.fxgl.achievement.AchievementService
09:27:13.926 [FXGL Background Thread 3 ] DEBUG Engine               - class com.almasb.fxgl.cutscene.CutsceneService
09:27:13.927 [FXGL Background Thread 3 ] DEBUG Engine               - class com.almasb.fxgl.minigames.MiniGameService
09:27:13.927 [FXGL Background Thread 3 ] DEBUG Engine               - class com.almasb.fxgl.net.NetService
09:27:13.927 [FXGL Background Thread 3 ] DEBUG Engine               - class com.almasb.fxgl.app.services.UpdaterService
09:27:13.928 [FXGL Background Thread 3 ] DEBUG Engine               - class com.almasb.fxgl.dev.DevService
09:27:15.152 [JavaFX Application Thread] DEBUG FXGL.DefaultMenu     - createContentControls()
09:27:16.848 [JavaFX Application Thread] DEBUG FXGL.DefaultMenu     - createContentVideo()
09:27:19.119 [JavaFX Application Thread] DEBUG FXGLApplication      - Exiting FXGL
09:27:19.119 [JavaFX Application Thread] DEBUG LoopRunner           - Stopping loop
09:27:19.119 [JavaFX Application Thread] DEBUG SystemBundleService  - Saving FXGL system data
09:27:19.125 [JavaFX Application Thread] DEBUG FileSystemAccess     - Writing to: C:\Users\zarok\Mein Ordner\Schule\Spengergasse\2DHIF\POS\JavaFX Project\system\fxgl.bundle
09:27:19.132 [JavaFX Application Thread] DEBUG Async                - Shutting down background threads
09:27:19.133 [JavaFX Application Thread] DEBUG PrimaryStageWindow   - Closing main window
09:27:19.188 [JavaFX Application Thread] DEBUG Logger               - Closing Logger
