08:40:14.666 [main                     ] DEBUG Logger               - Configured Logger
08:40:14.673 [main                     ] DEBUG GameApplication      - Logging settings
Title: Cool Game!!
Version: indev 1.0.0
Width: 600
Height: 600
Fullscreen: false
Intro: false
Profiling: false
Single step:false
App Mode: DEVELOPER
Menu Key: ESCAPE
Stage Style: DECORATED
Scene Factory: class com.almasb.fxgl.app.scene.SceneFactory

08:40:15.628 [JavaFX Application Thread] DEBUG FXGLApplication      - Initializing FXGL
08:40:15.632 [JavaFX Application Thread] INFO  Engine               - FXGL-11.17 (16.07.2021 15.46) on WINDOWS (J:21.0.2 FX:17.0.2-ea)
08:40:15.632 [JavaFX Application Thread] DEBUG Engine               - JRE Vendor Name: Azul Systems, Inc.
08:40:15.632 [JavaFX Application Thread] DEBUG Engine               - Running on OS: Windows 10 version 10.0
08:40:15.633 [JavaFX Application Thread] DEBUG Engine               - Architecture: amd64
08:40:15.633 [JavaFX Application Thread] INFO  Engine               - Source code and latest versions at: https://github.com/AlmasB/FXGL
08:40:15.633 [JavaFX Application Thread] INFO  Engine               -              Join the FXGL chat at: https://gitter.im/AlmasB/FXGL
08:40:15.828 [JavaFX Application Thread] DEBUG PrimaryStageWindow   - Creating a JavaFX scene
08:40:15.930 [JavaFX Application Thread] DEBUG PrimaryStageWindow   - Target settings size: 600.0 x 600.0
08:40:15.931 [JavaFX Application Thread] DEBUG PrimaryStageWindow   - Scaled scene size:    600.0 x 600.0
08:40:15.931 [JavaFX Application Thread] DEBUG PrimaryStageWindow   - Scaled ratio: (1.0, 1.0)
08:40:15.933 [JavaFX Application Thread] DEBUG PrimaryStageWindow   - Set initial scene to FXGLStartupScene
08:40:15.954 [JavaFX Application Thread] DEBUG PrimaryStageWindow   - Opening main window
08:40:16.164 [JavaFX Application Thread] DEBUG PrimaryStageWindow   - Window border size: (14.4000244140625, 37.5999755859375)
08:40:16.164 [JavaFX Application Thread] DEBUG PrimaryStageWindow   - Scaled size: 600.0 x 600.0
08:40:16.164 [JavaFX Application Thread] DEBUG PrimaryStageWindow   - Scaled ratio: (1.0, 1.0)
08:40:16.165 [JavaFX Application Thread] DEBUG PrimaryStageWindow   - Scene size: 600.0 x 600.0
08:40:16.165 [JavaFX Application Thread] DEBUG PrimaryStageWindow   - Stage size: 614.4000244140625 x 637.5999755859375
08:40:16.201 [FXGL Background Thread 1 ] DEBUG Engine               - Initializing environment variables
08:40:16.388 [FXGL Background Thread 1 ] DEBUG FXGLAssetLoaderServi - User app class for loading assets: class com.example.javafx_project.MainGameApplication
08:40:16.388 [FXGL Background Thread 1 ] DEBUG GameApplicationServi - Applying CSS: fxgl_dark.css
08:40:16.390 [FXGL Background Thread 1 ] DEBUG FXGLAssetLoaderServi - Loading from file system: jar:file:///C:/Users/zarok/.m2/repository/com/github/almasb/fxgl/11.17/fxgl-11.17.jar!/fxglassets/ui/css/fxgl_dark.css
08:40:16.544 [FXGL Background Thread 1 ] DEBUG GameApplicationServi - Initializing application scenes
08:40:16.662 [FXGL Background Thread 1 ] DEBUG GameWorld            - Game world initialized
08:40:16.950 [FXGL Background Thread 1 ] DEBUG PhysicsWorld         - Physics world initialized: appHeight=600, physics.ppm=50,0
08:40:16.951 [FXGL Background Thread 1 ] DEBUG PhysicsWorld         - Using strategy: BRUTE_FORCE
08:40:16.965 [FXGL Background Thread 1 ] DEBUG GameScene            - Game scene initialized: 600x600
08:40:17.008 [FXGL Background Thread 1 ] WARN  FXGL.DefaultMenu     - FXGLDefaultMenu is not designed for resolutions < 800x600
08:40:17.008 [FXGL Background Thread 1 ] DEBUG FXGL.DefaultMenu     - createMenuBodyGameMenu()
08:40:17.069 [FXGL Background Thread 1 ] DEBUG FXGL.DefaultMenu     - createOptionsMenu()
08:40:17.102 [FXGL Background Thread 1 ] DEBUG FXGLAssetLoaderServi - Loading from file system: jar:file:///C:/Users/zarok/.m2/repository/com/github/almasb/fxgl/11.17/fxgl-11.17.jar!/fxglassets/textures/particles/smoke.png
08:40:17.469 [FXGL Background Thread 1 ] DEBUG FXGLAssetLoaderServi - Loading from file system: jar:file:///C:/Users/zarok/.m2/repository/com/github/almasb/fxgl/11.17/fxgl-11.17.jar!/fxglassets/textures/particles/trace_horizontal.png
08:40:17.569 [FXGL Background Thread 1 ] DEBUG GameApplicationServi - Application scenes initialized
08:40:17.608 [FXGL Background Thread 1 ] DEBUG SystemBundleService  - Loading FXGL system data
08:40:17.635 [FXGL Background Thread 1 ] DEBUG FileSystemAccess     - Reading from: C:\Users\zarok\Mein Ordner\Schule\Spengergasse\2DHIF\POS\JavaFX Project\system\fxgl.bundle
08:40:17.666 [FXGL Background Thread 1 ] DEBUG SystemBundleService  - Bundle FXGL: {}
08:40:17.666 [FXGL Background Thread 1 ] DEBUG UpdaterService       - Checking for updates
08:40:17.676 [FXGL Background Thread 4 ] DEBUG FXGLApplication      - Loading fonts
08:40:17.677 [FXGL Background Thread 1 ] DEBUG FXGLApplication      - Loading default localization
08:40:17.678 [FXGL Background Thread 4 ] DEBUG FXGLAssetLoaderServi - Loading from file system: jar:file:///C:/Users/zarok/.m2/repository/com/github/almasb/fxgl/11.17/fxgl-11.17.jar!/fxglassets/ui/fonts/VarelaRound-Regular.ttf
08:40:17.678 [FXGL Background Thread 1 ] DEBUG FXGLAssetLoaderServi - Loading from file system: jar:file:///C:/Users/zarok/.m2/repository/com/github/almasb/fxgl/11.17/fxgl-11.17.jar!/fxglassets/languages/english.lang
08:40:17.723 [FXGL Background Thread 1 ] INFO  FXGLApplication      - FXGL initialization took: 1,522 sec
08:40:17.762 [JavaFX Application Thread] DEBUG Input                - Registered new binding: action0 - W
08:40:17.764 [JavaFX Application Thread] DEBUG Input                - Registered new binding: action1 - S
08:40:17.766 [JavaFX Application Thread] DEBUG Input                - Registered new binding: action2 - A
08:40:17.768 [JavaFX Application Thread] DEBUG Input                - Registered new binding: action3 - D
08:40:17.769 [JavaFX Application Thread] DEBUG Input                - Registered new binding: action4 - Up
08:40:17.770 [JavaFX Application Thread] DEBUG Input                - Registered new binding: action5 - Down
08:40:17.772 [JavaFX Application Thread] DEBUG Input                - Registered new binding: action6 - Left
08:40:17.773 [JavaFX Application Thread] DEBUG Input                - Registered new binding: action7 - Right
08:40:17.774 [JavaFX Application Thread] DEBUG Input                - Registered new binding: action8 - Q
08:40:17.775 [JavaFX Application Thread] DEBUG FXGLAssetLoaderServi - Loading from file system: jar:file:///C:/Users/zarok/.m2/repository/com/github/almasb/fxgl/11.17/fxgl-11.17.jar!/fxglassets/textures/fxgl_icon.png
08:40:17.827 [FXGL Background Thread 4 ] DEBUG FXGLAssetLoaderServi - Loading from file system: jar:file:///C:/Users/zarok/.m2/repository/com/github/almasb/fxgl/11.17/fxgl-11.17.jar!/fxglassets/ui/fonts/Abel-Regular.ttf
08:40:17.857 [JavaFX Application Thread] DEBUG FXGLAssetLoaderServi - Loading from file system: jar:file:///C:/Users/zarok/.m2/repository/com/github/almasb/fxgl/11.17/fxgl-11.17.jar!/fxglassets/textures/fxgl_default_cursor.png
08:40:17.865 [JavaFX Application Thread] DEBUG Input                - Registered new binding: Screenshot - CTRL+8
08:40:17.865 [FXGL Background Thread 4 ] DEBUG FXGLAssetLoaderServi - Loading from file system: jar:file:///C:/Users/zarok/.m2/repository/com/github/almasb/fxgl/11.17/fxgl-11.17.jar!/fxglassets/ui/fonts/lucida_console.ttf
08:40:17.867 [JavaFX Application Thread] DEBUG Input                - Registered new binding: System info dump - CTRL+9
08:40:17.868 [JavaFX Application Thread] DEBUG Input                - Registered new binding: Restart - CTRL+R
08:40:17.872 [JavaFX Application Thread] DEBUG Input                - Registered new binding: Toggle Debug Camera - CTRL+C
08:40:17.889 [JavaFX Application Thread] DEBUG LoopRunner           - Starting loop
08:40:17.890 [JavaFX Application Thread] DEBUG LoopRunner           - Initializing JavaFX AnimationTimerLoop
08:40:17.897 [JavaFX Application Thread] DEBUG GameApplicationServi - Starting new game
08:40:17.900 [JavaFX Application Thread] DEBUG Input                - Clearing active input actions
08:40:17.912 [FXGL Background Thread 4 ] DEBUG FXGLAssetLoaderServi - Loading from file system: jar:file:///C:/Users/zarok/.m2/repository/com/github/almasb/fxgl/11.17/fxgl-11.17.jar!/fxglassets/ui/fonts/Courier-Prime.ttf
08:40:17.942 [JavaFX Application Thread] DEBUG GameApplicationServi - Removing overlay from FXGLStartupScene and adding to FXGLLoadingScene
08:40:17.943 [JavaFX Application Thread] DEBUG PrimaryStageWindow   - FXGLStartupScene -> FXGLLoadingScene
08:40:17.943 [JavaFX Application Thread] DEBUG GameApplicationServi - Clearing previous game
08:40:17.943 [JavaFX Application Thread] DEBUG GameScene            - Clearing game scene
08:40:17.943 [JavaFX Application Thread] DEBUG GameWorld            - Clearing game world
08:40:17.944 [JavaFX Application Thread] DEBUG PhysicsWorld         - Clearing physics world
08:40:17.953 [FXGL Background Thread 1 ] DEBUG FXGLApplication      - Initializing game
08:40:17.958 [FXGL Background Thread 1 ] DEBUG FXGLAssetLoaderServi - Loading from file system: file:/C:/Users/zarok/Mein%20Ordner/Schule/Spengergasse/2DHIF/POS/JavaFX%20Project/target/classes/assets/textures/aryan.png
08:40:17.964 [FXGL Background Thread 1 ] DEBUG FXGLAssetLoaderServi - Loading from file system: file:/C:/Users/zarok/Mein%20Ordner/Schule/Spengergasse/2DHIF/POS/JavaFX%20Project/target/classes/assets/textures/grass.png
08:40:18.010 [FXGL Background Thread 1 ] WARN  FXGLAssetLoaderServi - Asset "/assets/music/battle1.mp3" was not found!
08:40:18.011 [FXGL Background Thread 1 ] WARN  FXGLAssetLoaderServi - Failed to load MUSIC
08:40:18.016 [FXGL Background Thread 1 ] DEBUG AudioPlayer          - Playing music com.almasb.fxgl.audio.Music@48a0138
08:40:18.018 [FXGL Background Thread 1 ] INFO  FXGLApplication      - Game initialization took: 0,065 sec
08:40:18.098 [JavaFX Application Thread] DEBUG FXGLApplication      - Registering font factories with UI factory
08:40:18.105 [JavaFX Application Thread] DEBUG Input                - Clearing active input actions
08:40:18.145 [JavaFX Application Thread] DEBUG GameApplicationServi - Removing overlay from FXGLLoadingScene and adding to GameScene
08:40:18.146 [JavaFX Application Thread] DEBUG PrimaryStageWindow   - FXGLLoadingScene -> GameScene
08:40:19.546 [FXGL Background Thread 2 ] INFO  UpdaterService       - Your current version:  11.17
08:40:19.547 [FXGL Background Thread 2 ] INFO  UpdaterService       - Latest stable version: 21.1
08:40:20.673 [FXGL Background Thread 3 ] DEBUG Engine               - Logging environment variables
08:40:20.674 [FXGL Background Thread 3 ] DEBUG Engine               - achievements: []
08:40:20.674 [FXGL Background Thread 3 ] DEBUG Engine               - actualHeight: 600.0
08:40:20.674 [FXGL Background Thread 3 ] DEBUG Engine               - actualHeightProperty: ReadOnlyDoubleProperty [value: 600.0]
08:40:20.674 [FXGL Background Thread 3 ] DEBUG Engine               - actualWidth: 600.0
08:40:20.675 [FXGL Background Thread 3 ] DEBUG Engine               - actualWidthProperty: ReadOnlyDoubleProperty [value: 600.0]
08:40:20.675 [FXGL Background Thread 3 ] DEBUG Engine               - appIcon: fxgl_icon.png
08:40:20.675 [FXGL Background Thread 3 ] DEBUG Engine               - applicationMode: DEVELOPER
08:40:20.675 [FXGL Background Thread 3 ] DEBUG Engine               - cSSList: [fxgl_dark.css]
08:40:20.675 [FXGL Background Thread 3 ] DEBUG Engine               - collisionDetectionStrategy: BRUTE_FORCE
08:40:20.675 [FXGL Background Thread 3 ] DEBUG Engine               - configClass: Optional.empty
08:40:20.675 [FXGL Background Thread 3 ] DEBUG Engine               - credits: []
08:40:20.676 [FXGL Background Thread 3 ] DEBUG Engine               - defaultCursor: CursorInfo(imageName=fxgl_default_cursor.png, hotspotX=7.0, hotspotY=6.0)
08:40:20.676 [FXGL Background Thread 3 ] DEBUG Engine               - devBBoxColorProperty: ObjectProperty [value: 0xff0000ff]
08:40:20.676 [FXGL Background Thread 3 ] DEBUG Engine               - devEnableDebugCameraProperty: BooleanProperty [value: false]
08:40:20.676 [FXGL Background Thread 3 ] DEBUG Engine               - devSensorColorProperty: ObjectProperty [value: 0xffff00ff]
08:40:20.677 [FXGL Background Thread 3 ] DEBUG Engine               - devShowBBoxProperty: BooleanProperty [value: false]
08:40:20.677 [FXGL Background Thread 3 ] DEBUG Engine               - devShowPositionProperty: BooleanProperty [value: false]
08:40:20.677 [FXGL Background Thread 3 ] DEBUG Engine               - enabledMenuItems: []
08:40:20.677 [FXGL Background Thread 3 ] DEBUG Engine               - engineServices: [class com.almasb.fxgl.app.services.FXGLAssetLoaderService, class com.almasb.fxgl.app.FXGLApplication$GameApplicationService, class com.almasb.fxgl.app.services.FXGLDialogService, class com.almasb.fxgl.app.services.IOTaskExecutorService, class com.almasb.fxgl.io.FileSystemService, class com.almasb.fxgl.localization.LocalizationService, class com.almasb.fxgl.app.services.SystemBundleService, class com.almasb.fxgl.profile.SaveLoadService, class com.almasb.fxgl.ui.FXGLUIFactoryServiceProvider, class com.almasb.fxgl.ui.FXGLDialogFactoryServiceProvider, class com.almasb.fxgl.audio.AudioPlayer, class com.almasb.fxgl.notification.impl.NotificationServiceProvider, class com.almasb.fxgl.achievement.AchievementService, class com.almasb.fxgl.cutscene.CutsceneService, class com.almasb.fxgl.minigames.MiniGameService, class com.almasb.fxgl.net.NetService, class com.almasb.fxgl.app.services.UpdaterService, class com.almasb.fxgl.dev.DevService]
08:40:20.677 [FXGL Background Thread 3 ] DEBUG Engine               - fontGame: Abel-Regular.ttf
08:40:20.677 [FXGL Background Thread 3 ] DEBUG Engine               - fontMono: lucida_console.ttf
08:40:20.677 [FXGL Background Thread 3 ] DEBUG Engine               - fontText: Courier-Prime.ttf
08:40:20.677 [FXGL Background Thread 3 ] DEBUG Engine               - fontUI: VarelaRound-Regular.ttf
08:40:20.677 [FXGL Background Thread 3 ] DEBUG Engine               - fullScreen: BooleanProperty [value: false]
08:40:20.678 [FXGL Background Thread 3 ] DEBUG Engine               - gameDifficulty: MEDIUM
08:40:20.678 [FXGL Background Thread 3 ] DEBUG Engine               - gameDifficultyProperty: ObjectProperty [value: MEDIUM]
08:40:20.678 [FXGL Background Thread 3 ] DEBUG Engine               - globalMusicVolume: 0.5
08:40:20.678 [FXGL Background Thread 3 ] DEBUG Engine               - globalMusicVolumeProperty: DoubleProperty [value: 0.5]
08:40:20.678 [FXGL Background Thread 3 ] DEBUG Engine               - globalSoundVolume: 0.5
08:40:20.678 [FXGL Background Thread 3 ] DEBUG Engine               - globalSoundVolumeProperty: DoubleProperty [value: 0.5]
08:40:20.678 [FXGL Background Thread 3 ] DEBUG Engine               - height: 600
08:40:20.678 [FXGL Background Thread 3 ] DEBUG Engine               - is3D: false
08:40:20.679 [FXGL Background Thread 3 ] DEBUG Engine               - isAndroid: false
08:40:20.679 [FXGL Background Thread 3 ] DEBUG Engine               - isBrowser: false
08:40:20.679 [FXGL Background Thread 3 ] DEBUG Engine               - isClickFeedbackEnabled: false
08:40:20.679 [FXGL Background Thread 3 ] DEBUG Engine               - isCloseConfirmation: false
08:40:20.679 [FXGL Background Thread 3 ] DEBUG Engine               - isDesktop: true
08:40:20.679 [FXGL Background Thread 3 ] DEBUG Engine               - isDeveloperMenuEnabled: false
08:40:20.679 [FXGL Background Thread 3 ] DEBUG Engine               - isEntityPreloadEnabled: true
08:40:20.679 [FXGL Background Thread 3 ] DEBUG Engine               - isExperimentalTiledLargeMap: false
08:40:20.679 [FXGL Background Thread 3 ] DEBUG Engine               - isFileSystemWriteAllowed: true
08:40:20.679 [FXGL Background Thread 3 ] DEBUG Engine               - isFullScreenAllowed: false
08:40:20.679 [FXGL Background Thread 3 ] DEBUG Engine               - isFullScreenFromStart: false
08:40:20.680 [FXGL Background Thread 3 ] DEBUG Engine               - isGameMenuEnabled: true
08:40:20.680 [FXGL Background Thread 3 ] DEBUG Engine               - isIOS: false
08:40:20.680 [FXGL Background Thread 3 ] DEBUG Engine               - isIntroEnabled: false
08:40:20.680 [FXGL Background Thread 3 ] DEBUG Engine               - isLinux: false
08:40:20.680 [FXGL Background Thread 3 ] DEBUG Engine               - isMac: false
08:40:20.680 [FXGL Background Thread 3 ] DEBUG Engine               - isMainMenuEnabled: false
08:40:20.680 [FXGL Background Thread 3 ] DEBUG Engine               - isManualResizeEnabled: false
08:40:20.680 [FXGL Background Thread 3 ] DEBUG Engine               - isMobile: false
08:40:20.680 [FXGL Background Thread 3 ] DEBUG Engine               - isNative: false
08:40:20.680 [FXGL Background Thread 3 ] DEBUG Engine               - isPauseMusicWhenMinimized: true
08:40:20.680 [FXGL Background Thread 3 ] DEBUG Engine               - isPreserveResizeRatio: false
08:40:20.680 [FXGL Background Thread 3 ] DEBUG Engine               - isProfilingEnabled: false
08:40:20.680 [FXGL Background Thread 3 ] DEBUG Engine               - isScaleAffectedOnResize: true
08:40:20.680 [FXGL Background Thread 3 ] DEBUG Engine               - isSingleStep: false
08:40:20.680 [FXGL Background Thread 3 ] DEBUG Engine               - isUserProfileEnabled: false
08:40:20.680 [FXGL Background Thread 3 ] DEBUG Engine               - isWindows: true
08:40:20.680 [FXGL Background Thread 3 ] DEBUG Engine               - language: ObjectProperty [value: ENGLISH]
08:40:20.680 [FXGL Background Thread 3 ] DEBUG Engine               - menuKey: ESCAPE
08:40:20.681 [FXGL Background Thread 3 ] DEBUG Engine               - mouseSensitivity: 0.2
08:40:20.681 [FXGL Background Thread 3 ] DEBUG Engine               - notificationViewClass: class com.almasb.fxgl.notification.view.XboxNotificationView
08:40:20.681 [FXGL Background Thread 3 ] DEBUG Engine               - pixelsPerMeter: 50.0
08:40:20.681 [FXGL Background Thread 3 ] DEBUG Engine               - platform: WINDOWS
08:40:20.681 [FXGL Background Thread 3 ] DEBUG Engine               - prefHeightProperty: ReadOnlyDoubleProperty [value: 600.0]
08:40:20.681 [FXGL Background Thread 3 ] DEBUG Engine               - prefWidthProperty: ReadOnlyDoubleProperty [value: 600.0]
08:40:20.681 [FXGL Background Thread 3 ] DEBUG Engine               - profileDir: profiles/
08:40:20.681 [FXGL Background Thread 3 ] DEBUG Engine               - profileName: StringProperty [value: DEFAULT]
08:40:20.681 [FXGL Background Thread 3 ] DEBUG Engine               - randomSeed: -1
08:40:20.681 [FXGL Background Thread 3 ] DEBUG Engine               - runtimeInfo: RuntimeInfo(platform=WINDOWS, version=11.17, build=16.07.2021 15.46)
08:40:20.681 [FXGL Background Thread 3 ] DEBUG Engine               - saveFileExt: sav
08:40:20.682 [FXGL Background Thread 3 ] DEBUG Engine               - scaledHeightProp$fxgl: DoubleProperty [bound, value: 600.0]
08:40:20.682 [FXGL Background Thread 3 ] DEBUG Engine               - scaledWidthProp$fxgl: DoubleProperty [bound, value: 600.0]
08:40:20.682 [FXGL Background Thread 3 ] DEBUG Engine               - sceneFactory: com.almasb.fxgl.app.scene.SceneFactory@7d15a254
08:40:20.682 [FXGL Background Thread 3 ] DEBUG Engine               - secondsIn24h: 60
08:40:20.682 [FXGL Background Thread 3 ] DEBUG Engine               - soundMenuBack: menu/back.wav
08:40:20.682 [FXGL Background Thread 3 ] DEBUG Engine               - soundMenuPress: menu/press.wav
08:40:20.682 [FXGL Background Thread 3 ] DEBUG Engine               - soundMenuSelect: menu/select.wav
08:40:20.682 [FXGL Background Thread 3 ] DEBUG Engine               - soundNotification: core/notification.wav
08:40:20.682 [FXGL Background Thread 3 ] DEBUG Engine               - stageStyle: DECORATED
08:40:20.682 [FXGL Background Thread 3 ] DEBUG Engine               - supportedLanguages: [ENGLISH, FRENCH, GERMAN, HUNGARIAN, RUSSIAN]
08:40:20.682 [FXGL Background Thread 3 ] DEBUG Engine               - ticksPerSecond: -1
08:40:20.682 [FXGL Background Thread 3 ] DEBUG Engine               - title: Cool Game!!
08:40:20.682 [FXGL Background Thread 3 ] DEBUG Engine               - urlGithub: https://github.com/AlmasB/FXGL
08:40:20.682 [FXGL Background Thread 3 ] DEBUG Engine               - urlLeaderboard: http://fxgl-top.herokuapp.com/
08:40:20.682 [FXGL Background Thread 3 ] DEBUG Engine               - urlPOM: https://raw.githubusercontent.com/AlmasB/FXGL/release/README.md
08:40:20.682 [FXGL Background Thread 3 ] DEBUG Engine               - userAppClass: class com.example.javafx_project.MainGameApplication
08:40:20.682 [FXGL Background Thread 3 ] DEBUG Engine               - version: indev 1.0.0
08:40:20.683 [FXGL Background Thread 3 ] DEBUG Engine               - versionCheckDays: 7
08:40:20.683 [FXGL Background Thread 3 ] DEBUG Engine               - width: 600
08:40:20.683 [FXGL Background Thread 3 ] DEBUG Engine               - Logging services
08:40:20.683 [FXGL Background Thread 3 ] DEBUG Engine               - class com.almasb.fxgl.app.services.FXGLAssetLoaderService
08:40:20.683 [FXGL Background Thread 3 ] DEBUG Engine               - class com.almasb.fxgl.app.FXGLApplication$GameApplicationService
08:40:20.683 [FXGL Background Thread 3 ] DEBUG Engine               - class com.almasb.fxgl.app.services.FXGLDialogService
08:40:20.683 [FXGL Background Thread 3 ] DEBUG Engine               - class com.almasb.fxgl.app.services.IOTaskExecutorService
08:40:20.683 [FXGL Background Thread 3 ] DEBUG Engine               - class com.almasb.fxgl.io.FileSystemService
08:40:20.683 [FXGL Background Thread 3 ] DEBUG Engine               - class com.almasb.fxgl.localization.LocalizationService
08:40:20.683 [FXGL Background Thread 3 ] DEBUG Engine               - class com.almasb.fxgl.app.services.SystemBundleService
08:40:20.683 [FXGL Background Thread 3 ] DEBUG Engine               - class com.almasb.fxgl.profile.SaveLoadService
08:40:20.683 [FXGL Background Thread 3 ] DEBUG Engine               - class com.almasb.fxgl.ui.FXGLUIFactoryServiceProvider
08:40:20.683 [FXGL Background Thread 3 ] DEBUG Engine               - class com.almasb.fxgl.ui.FXGLDialogFactoryServiceProvider
08:40:20.683 [FXGL Background Thread 3 ] DEBUG Engine               - class com.almasb.fxgl.audio.AudioPlayer
08:40:20.683 [FXGL Background Thread 3 ] DEBUG Engine               - class com.almasb.fxgl.notification.impl.NotificationServiceProvider
08:40:20.683 [FXGL Background Thread 3 ] DEBUG Engine               - class com.almasb.fxgl.achievement.AchievementService
08:40:20.683 [FXGL Background Thread 3 ] DEBUG Engine               - class com.almasb.fxgl.cutscene.CutsceneService
08:40:20.683 [FXGL Background Thread 3 ] DEBUG Engine               - class com.almasb.fxgl.minigames.MiniGameService
08:40:20.683 [FXGL Background Thread 3 ] DEBUG Engine               - class com.almasb.fxgl.net.NetService
08:40:20.683 [FXGL Background Thread 3 ] DEBUG Engine               - class com.almasb.fxgl.app.services.UpdaterService
08:40:20.683 [FXGL Background Thread 3 ] DEBUG Engine               - class com.almasb.fxgl.dev.DevService
08:40:39.731 [JavaFX Application Thread] DEBUG PrimaryStageWindow   - Push state: FXGLDefaultMenu
08:40:39.740 [JavaFX Application Thread] DEBUG Input                - Clearing active input actions
08:40:39.747 [JavaFX Application Thread] DEBUG GameApplicationServi - Removing overlay from GameScene and adding to FXGLDefaultMenu
08:40:39.748 [JavaFX Application Thread] DEBUG PrimaryStageWindow   - GameScene -> FXGLDefaultMenu
08:40:42.114 [JavaFX Application Thread] DEBUG PrimaryStageWindow   - Pop state: FXGLDefaultMenu
08:40:42.115 [JavaFX Application Thread] DEBUG Input                - Clearing active input actions
08:40:42.116 [JavaFX Application Thread] DEBUG GameApplicationServi - Removing overlay from FXGLDefaultMenu and adding to GameScene
08:40:42.117 [JavaFX Application Thread] DEBUG PrimaryStageWindow   - GameScene <- FXGLDefaultMenu
08:41:37.519 [JavaFX Application Thread] DEBUG PrimaryStageWindow   - Push state: FXGLDefaultMenu
08:41:37.520 [JavaFX Application Thread] DEBUG Input                - Clearing active input actions
08:41:37.525 [JavaFX Application Thread] DEBUG GameApplicationServi - Removing overlay from GameScene and adding to FXGLDefaultMenu
08:41:37.525 [JavaFX Application Thread] DEBUG PrimaryStageWindow   - GameScene -> FXGLDefaultMenu
08:41:45.952 [JavaFX Application Thread] DEBUG FXGLApplication      - Exiting FXGL
08:41:45.952 [JavaFX Application Thread] DEBUG LoopRunner           - Stopping loop
08:41:45.953 [JavaFX Application Thread] DEBUG SystemBundleService  - Saving FXGL system data
08:41:45.957 [JavaFX Application Thread] DEBUG FileSystemAccess     - Writing to: C:\Users\zarok\Mein Ordner\Schule\Spengergasse\2DHIF\POS\JavaFX Project\system\fxgl.bundle
08:41:45.962 [JavaFX Application Thread] DEBUG Async                - Shutting down background threads
08:41:45.962 [JavaFX Application Thread] DEBUG PrimaryStageWindow   - Closing main window
08:41:46.009 [JavaFX Application Thread] DEBUG Logger               - Closing Logger
