08:44:40.050 [main                     ] DEBUG Logger               - Configured Logger
08:44:40.056 [main                     ] DEBUG GameApplication      - Logging settings
Title: Cool Game!!
Version: indev 1.0.0
Width: 600
Height: 600
Fullscreen: false
Intro: false
Profiling: false
Single step:false
App Mode: DEVELOPER
Menu Key: ESCAPE
Stage Style: DECORATED
Scene Factory: class com.almasb.fxgl.app.scene.SceneFactory

08:44:40.599 [JavaFX Application Thread] DEBUG FXGLApplication      - Initializing FXGL
08:44:40.602 [JavaFX Application Thread] INFO  Engine               - FXGL-11.17 (16.07.2021 15.46) on WINDOWS (J:21.0.2 FX:17.0.2-ea)
08:44:40.603 [JavaFX Application Thread] DEBUG Engine               - JRE Vendor Name: Azul Systems, Inc.
08:44:40.603 [JavaFX Application Thread] DEBUG Engine               - Running on OS: Windows 10 version 10.0
08:44:40.603 [JavaFX Application Thread] DEBUG Engine               - Architecture: amd64
08:44:40.603 [JavaFX Application Thread] INFO  Engine               - Source code and latest versions at: https://github.com/AlmasB/FXGL
08:44:40.603 [JavaFX Application Thread] INFO  Engine               -              Join the FXGL chat at: https://gitter.im/AlmasB/FXGL
08:44:40.739 [JavaFX Application Thread] DEBUG PrimaryStageWindow   - Creating a JavaFX scene
08:44:40.809 [JavaFX Application Thread] DEBUG PrimaryStageWindow   - Target settings size: 600.0 x 600.0
08:44:40.809 [JavaFX Application Thread] DEBUG PrimaryStageWindow   - Scaled scene size:    600.0 x 600.0
08:44:40.809 [JavaFX Application Thread] DEBUG PrimaryStageWindow   - Scaled ratio: (1.0, 1.0)
08:44:40.810 [JavaFX Application Thread] DEBUG PrimaryStageWindow   - Set initial scene to FXGLStartupScene
08:44:40.819 [JavaFX Application Thread] DEBUG PrimaryStageWindow   - Opening main window
08:44:40.946 [JavaFX Application Thread] DEBUG PrimaryStageWindow   - Window border size: (14.4000244140625, 37.5999755859375)
08:44:40.946 [JavaFX Application Thread] DEBUG PrimaryStageWindow   - Scaled size: 600.0 x 600.0
08:44:40.947 [JavaFX Application Thread] DEBUG PrimaryStageWindow   - Scaled ratio: (1.0, 1.0)
08:44:40.947 [JavaFX Application Thread] DEBUG PrimaryStageWindow   - Scene size: 600.0 x 600.0
08:44:40.948 [JavaFX Application Thread] DEBUG PrimaryStageWindow   - Stage size: 614.4000244140625 x 637.5999755859375
08:44:40.969 [FXGL Background Thread 1 ] DEBUG Engine               - Initializing environment variables
08:44:41.109 [FXGL Background Thread 1 ] DEBUG FXGLAssetLoaderServi - User app class for loading assets: class com.example.javafx_project.MainGameApplication
08:44:41.109 [FXGL Background Thread 1 ] DEBUG GameApplicationServi - Applying CSS: fxgl_dark.css
08:44:41.110 [FXGL Background Thread 1 ] DEBUG FXGLAssetLoaderServi - Loading from file system: jar:file:///C:/Users/zarok/.m2/repository/com/github/almasb/fxgl/11.17/fxgl-11.17.jar!/fxglassets/ui/css/fxgl_dark.css
08:44:41.184 [FXGL Background Thread 1 ] DEBUG GameApplicationServi - Initializing application scenes
08:44:41.259 [FXGL Background Thread 1 ] DEBUG GameWorld            - Game world initialized
08:44:41.407 [FXGL Background Thread 1 ] DEBUG PhysicsWorld         - Physics world initialized: appHeight=600, physics.ppm=50,0
08:44:41.407 [FXGL Background Thread 1 ] DEBUG PhysicsWorld         - Using strategy: BRUTE_FORCE
08:44:41.413 [FXGL Background Thread 1 ] DEBUG GameScene            - Game scene initialized: 600x600
08:44:41.439 [FXGL Background Thread 1 ] WARN  FXGL.DefaultMenu     - FXGLDefaultMenu is not designed for resolutions < 800x600
08:44:41.440 [FXGL Background Thread 1 ] DEBUG FXGL.DefaultMenu     - createMenuBodyGameMenu()
08:44:41.472 [FXGL Background Thread 1 ] DEBUG FXGL.DefaultMenu     - createOptionsMenu()
08:44:41.488 [FXGL Background Thread 1 ] DEBUG FXGLAssetLoaderServi - Loading from file system: jar:file:///C:/Users/zarok/.m2/repository/com/github/almasb/fxgl/11.17/fxgl-11.17.jar!/fxglassets/textures/particles/smoke.png
08:44:41.683 [FXGL Background Thread 1 ] DEBUG FXGLAssetLoaderServi - Loading from file system: jar:file:///C:/Users/zarok/.m2/repository/com/github/almasb/fxgl/11.17/fxgl-11.17.jar!/fxglassets/textures/particles/trace_horizontal.png
08:44:41.742 [FXGL Background Thread 1 ] DEBUG GameApplicationServi - Application scenes initialized
08:44:41.763 [FXGL Background Thread 1 ] DEBUG SystemBundleService  - Loading FXGL system data
08:44:41.783 [FXGL Background Thread 1 ] DEBUG FileSystemAccess     - Reading from: C:\Users\zarok\Mein Ordner\Schule\Spengergasse\2DHIF\POS\JavaFX Project\system\fxgl.bundle
08:44:41.810 [FXGL Background Thread 1 ] DEBUG SystemBundleService  - Bundle FXGL: {}
08:44:41.810 [FXGL Background Thread 1 ] DEBUG UpdaterService       - Checking for updates
08:44:41.819 [FXGL Background Thread 4 ] DEBUG FXGLApplication      - Loading fonts
08:44:41.819 [FXGL Background Thread 1 ] DEBUG FXGLApplication      - Loading default localization
08:44:41.820 [FXGL Background Thread 4 ] DEBUG FXGLAssetLoaderServi - Loading from file system: jar:file:///C:/Users/zarok/.m2/repository/com/github/almasb/fxgl/11.17/fxgl-11.17.jar!/fxglassets/ui/fonts/VarelaRound-Regular.ttf
08:44:41.820 [FXGL Background Thread 1 ] DEBUG FXGLAssetLoaderServi - Loading from file system: jar:file:///C:/Users/zarok/.m2/repository/com/github/almasb/fxgl/11.17/fxgl-11.17.jar!/fxglassets/languages/english.lang
08:44:41.896 [FXGL Background Thread 4 ] DEBUG FXGLAssetLoaderServi - Loading from file system: jar:file:///C:/Users/zarok/.m2/repository/com/github/almasb/fxgl/11.17/fxgl-11.17.jar!/fxglassets/ui/fonts/Abel-Regular.ttf
08:44:41.924 [FXGL Background Thread 4 ] DEBUG FXGLAssetLoaderServi - Loading from file system: jar:file:///C:/Users/zarok/.m2/repository/com/github/almasb/fxgl/11.17/fxgl-11.17.jar!/fxglassets/ui/fonts/lucida_console.ttf
08:44:41.924 [FXGL Background Thread 1 ] INFO  FXGLApplication      - FXGL initialization took: 0,954 sec
08:44:41.942 [JavaFX Application Thread] DEBUG Input                - Registered new binding: action0 - W
08:44:41.944 [JavaFX Application Thread] DEBUG Input                - Registered new binding: action1 - S
08:44:41.944 [JavaFX Application Thread] DEBUG Input                - Registered new binding: action2 - A
08:44:41.945 [JavaFX Application Thread] DEBUG Input                - Registered new binding: action3 - D
08:44:41.947 [JavaFX Application Thread] DEBUG Input                - Registered new binding: action4 - Up
08:44:41.948 [JavaFX Application Thread] DEBUG Input                - Registered new binding: action5 - Down
08:44:41.949 [JavaFX Application Thread] DEBUG Input                - Registered new binding: action6 - Left
08:44:41.950 [JavaFX Application Thread] DEBUG Input                - Registered new binding: action7 - Right
08:44:41.951 [JavaFX Application Thread] DEBUG Input                - Registered new binding: action8 - Q
08:44:41.952 [JavaFX Application Thread] DEBUG FXGLAssetLoaderServi - Loading from file system: jar:file:///C:/Users/zarok/.m2/repository/com/github/almasb/fxgl/11.17/fxgl-11.17.jar!/fxglassets/textures/fxgl_icon.png
08:44:41.986 [JavaFX Application Thread] DEBUG FXGLAssetLoaderServi - Loading from file system: jar:file:///C:/Users/zarok/.m2/repository/com/github/almasb/fxgl/11.17/fxgl-11.17.jar!/fxglassets/textures/fxgl_default_cursor.png
08:44:41.990 [JavaFX Application Thread] DEBUG Input                - Registered new binding: Screenshot - CTRL+8
08:44:41.991 [JavaFX Application Thread] DEBUG Input                - Registered new binding: System info dump - CTRL+9
08:44:41.991 [JavaFX Application Thread] DEBUG Input                - Registered new binding: Restart - CTRL+R
08:44:41.992 [JavaFX Application Thread] DEBUG Input                - Registered new binding: Toggle Debug Camera - CTRL+C
08:44:41.996 [JavaFX Application Thread] DEBUG LoopRunner           - Starting loop
08:44:41.997 [JavaFX Application Thread] DEBUG LoopRunner           - Initializing JavaFX AnimationTimerLoop
08:44:42.000 [JavaFX Application Thread] DEBUG GameApplicationServi - Starting new game
08:44:42.001 [JavaFX Application Thread] DEBUG Input                - Clearing active input actions
08:44:42.020 [JavaFX Application Thread] DEBUG GameApplicationServi - Removing overlay from FXGLStartupScene and adding to FXGLLoadingScene
08:44:42.020 [JavaFX Application Thread] DEBUG PrimaryStageWindow   - FXGLStartupScene -> FXGLLoadingScene
08:44:42.020 [JavaFX Application Thread] DEBUG GameApplicationServi - Clearing previous game
08:44:42.020 [JavaFX Application Thread] DEBUG GameScene            - Clearing game scene
08:44:42.021 [JavaFX Application Thread] DEBUG GameWorld            - Clearing game world
08:44:42.021 [JavaFX Application Thread] DEBUG PhysicsWorld         - Clearing physics world
08:44:42.023 [FXGL Background Thread 1 ] DEBUG FXGLApplication      - Initializing game
08:44:42.025 [FXGL Background Thread 1 ] DEBUG FXGLAssetLoaderServi - Loading from file system: file:/C:/Users/zarok/Mein%20Ordner/Schule/Spengergasse/2DHIF/POS/JavaFX%20Project/target/classes/assets/textures/aryan.png
08:44:42.042 [FXGL Background Thread 1 ] INFO  FXGLApplication      - Game initialization took: 0,019 sec
08:44:42.045 [FXGL Background Thread 4 ] DEBUG FXGLAssetLoaderServi - Loading from file system: jar:file:///C:/Users/zarok/.m2/repository/com/github/almasb/fxgl/11.17/fxgl-11.17.jar!/fxglassets/ui/fonts/Courier-Prime.ttf
08:44:42.122 [JavaFX Application Thread] DEBUG Input                - Clearing active input actions
08:44:42.135 [JavaFX Application Thread] DEBUG GameApplicationServi - Removing overlay from FXGLLoadingScene and adding to GameScene
08:44:42.136 [JavaFX Application Thread] DEBUG PrimaryStageWindow   - FXGLLoadingScene -> GameScene
08:44:42.138 [JavaFX Application Thread] DEBUG FXGLApplication      - Registering font factories with UI factory
08:44:43.069 [FXGL Background Thread 2 ] INFO  UpdaterService       - Your current version:  11.17
08:44:43.070 [FXGL Background Thread 2 ] INFO  UpdaterService       - Latest stable version: 21.1
08:44:44.817 [FXGL Background Thread 3 ] DEBUG Engine               - Logging environment variables
08:44:44.817 [FXGL Background Thread 3 ] DEBUG Engine               - achievements: []
08:44:44.818 [FXGL Background Thread 3 ] DEBUG Engine               - actualHeight: 600.0
08:44:44.818 [FXGL Background Thread 3 ] DEBUG Engine               - actualHeightProperty: ReadOnlyDoubleProperty [value: 600.0]
08:44:44.818 [FXGL Background Thread 3 ] DEBUG Engine               - actualWidth: 600.0
08:44:44.818 [FXGL Background Thread 3 ] DEBUG Engine               - actualWidthProperty: ReadOnlyDoubleProperty [value: 600.0]
08:44:44.818 [FXGL Background Thread 3 ] DEBUG Engine               - appIcon: fxgl_icon.png
08:44:44.818 [FXGL Background Thread 3 ] DEBUG Engine               - applicationMode: DEVELOPER
08:44:44.819 [FXGL Background Thread 3 ] DEBUG Engine               - cSSList: [fxgl_dark.css]
08:44:44.819 [FXGL Background Thread 3 ] DEBUG Engine               - collisionDetectionStrategy: BRUTE_FORCE
08:44:44.819 [FXGL Background Thread 3 ] DEBUG Engine               - configClass: Optional.empty
08:44:44.819 [FXGL Background Thread 3 ] DEBUG Engine               - credits: []
08:44:44.819 [FXGL Background Thread 3 ] DEBUG Engine               - defaultCursor: CursorInfo(imageName=fxgl_default_cursor.png, hotspotX=7.0, hotspotY=6.0)
08:44:44.819 [FXGL Background Thread 3 ] DEBUG Engine               - devBBoxColorProperty: ObjectProperty [value: 0xff0000ff]
08:44:44.820 [FXGL Background Thread 3 ] DEBUG Engine               - devEnableDebugCameraProperty: BooleanProperty [value: false]
08:44:44.820 [FXGL Background Thread 3 ] DEBUG Engine               - devSensorColorProperty: ObjectProperty [value: 0xffff00ff]
08:44:44.820 [FXGL Background Thread 3 ] DEBUG Engine               - devShowBBoxProperty: BooleanProperty [value: false]
08:44:44.820 [FXGL Background Thread 3 ] DEBUG Engine               - devShowPositionProperty: BooleanProperty [value: false]
08:44:44.820 [FXGL Background Thread 3 ] DEBUG Engine               - enabledMenuItems: []
08:44:44.821 [FXGL Background Thread 3 ] DEBUG Engine               - engineServices: [class com.almasb.fxgl.app.services.FXGLAssetLoaderService, class com.almasb.fxgl.app.FXGLApplication$GameApplicationService, class com.almasb.fxgl.app.services.FXGLDialogService, class com.almasb.fxgl.app.services.IOTaskExecutorService, class com.almasb.fxgl.io.FileSystemService, class com.almasb.fxgl.localization.LocalizationService, class com.almasb.fxgl.app.services.SystemBundleService, class com.almasb.fxgl.profile.SaveLoadService, class com.almasb.fxgl.ui.FXGLUIFactoryServiceProvider, class com.almasb.fxgl.ui.FXGLDialogFactoryServiceProvider, class com.almasb.fxgl.audio.AudioPlayer, class com.almasb.fxgl.notification.impl.NotificationServiceProvider, class com.almasb.fxgl.achievement.AchievementService, class com.almasb.fxgl.cutscene.CutsceneService, class com.almasb.fxgl.minigames.MiniGameService, class com.almasb.fxgl.net.NetService, class com.almasb.fxgl.app.services.UpdaterService, class com.almasb.fxgl.dev.DevService]
08:44:44.821 [FXGL Background Thread 3 ] DEBUG Engine               - fontGame: Abel-Regular.ttf
08:44:44.821 [FXGL Background Thread 3 ] DEBUG Engine               - fontMono: lucida_console.ttf
08:44:44.821 [FXGL Background Thread 3 ] DEBUG Engine               - fontText: Courier-Prime.ttf
08:44:44.821 [FXGL Background Thread 3 ] DEBUG Engine               - fontUI: VarelaRound-Regular.ttf
08:44:44.821 [FXGL Background Thread 3 ] DEBUG Engine               - fullScreen: BooleanProperty [value: false]
08:44:44.821 [FXGL Background Thread 3 ] DEBUG Engine               - gameDifficulty: MEDIUM
08:44:44.822 [FXGL Background Thread 3 ] DEBUG Engine               - gameDifficultyProperty: ObjectProperty [value: MEDIUM]
08:44:44.822 [FXGL Background Thread 3 ] DEBUG Engine               - globalMusicVolume: 0.5
08:44:44.822 [FXGL Background Thread 3 ] DEBUG Engine               - globalMusicVolumeProperty: DoubleProperty [value: 0.5]
08:44:44.822 [FXGL Background Thread 3 ] DEBUG Engine               - globalSoundVolume: 0.5
08:44:44.822 [FXGL Background Thread 3 ] DEBUG Engine               - globalSoundVolumeProperty: DoubleProperty [value: 0.5]
08:44:44.822 [FXGL Background Thread 3 ] DEBUG Engine               - height: 600
08:44:44.822 [FXGL Background Thread 3 ] DEBUG Engine               - is3D: false
08:44:44.822 [FXGL Background Thread 3 ] DEBUG Engine               - isAndroid: false
08:44:44.822 [FXGL Background Thread 3 ] DEBUG Engine               - isBrowser: false
08:44:44.822 [FXGL Background Thread 3 ] DEBUG Engine               - isClickFeedbackEnabled: false
08:44:44.822 [FXGL Background Thread 3 ] DEBUG Engine               - isCloseConfirmation: false
08:44:44.822 [FXGL Background Thread 3 ] DEBUG Engine               - isDesktop: true
08:44:44.823 [FXGL Background Thread 3 ] DEBUG Engine               - isDeveloperMenuEnabled: false
08:44:44.823 [FXGL Background Thread 3 ] DEBUG Engine               - isEntityPreloadEnabled: true
08:44:44.823 [FXGL Background Thread 3 ] DEBUG Engine               - isExperimentalTiledLargeMap: false
08:44:44.823 [FXGL Background Thread 3 ] DEBUG Engine               - isFileSystemWriteAllowed: true
08:44:44.823 [FXGL Background Thread 3 ] DEBUG Engine               - isFullScreenAllowed: false
08:44:44.823 [FXGL Background Thread 3 ] DEBUG Engine               - isFullScreenFromStart: false
08:44:44.823 [FXGL Background Thread 3 ] DEBUG Engine               - isGameMenuEnabled: true
08:44:44.823 [FXGL Background Thread 3 ] DEBUG Engine               - isIOS: false
08:44:44.823 [FXGL Background Thread 3 ] DEBUG Engine               - isIntroEnabled: false
08:44:44.823 [FXGL Background Thread 3 ] DEBUG Engine               - isLinux: false
08:44:44.823 [FXGL Background Thread 3 ] DEBUG Engine               - isMac: false
08:44:44.823 [FXGL Background Thread 3 ] DEBUG Engine               - isMainMenuEnabled: false
08:44:44.823 [FXGL Background Thread 3 ] DEBUG Engine               - isManualResizeEnabled: false
08:44:44.823 [FXGL Background Thread 3 ] DEBUG Engine               - isMobile: false
08:44:44.823 [FXGL Background Thread 3 ] DEBUG Engine               - isNative: false
08:44:44.824 [FXGL Background Thread 3 ] DEBUG Engine               - isPauseMusicWhenMinimized: true
08:44:44.824 [FXGL Background Thread 3 ] DEBUG Engine               - isPreserveResizeRatio: false
08:44:44.824 [FXGL Background Thread 3 ] DEBUG Engine               - isProfilingEnabled: false
08:44:44.824 [FXGL Background Thread 3 ] DEBUG Engine               - isScaleAffectedOnResize: true
08:44:44.824 [FXGL Background Thread 3 ] DEBUG Engine               - isSingleStep: false
08:44:44.824 [FXGL Background Thread 3 ] DEBUG Engine               - isUserProfileEnabled: false
08:44:44.824 [FXGL Background Thread 3 ] DEBUG Engine               - isWindows: true
08:44:44.824 [FXGL Background Thread 3 ] DEBUG Engine               - language: ObjectProperty [value: ENGLISH]
08:44:44.824 [FXGL Background Thread 3 ] DEBUG Engine               - menuKey: ESCAPE
08:44:44.824 [FXGL Background Thread 3 ] DEBUG Engine               - mouseSensitivity: 0.2
08:44:44.824 [FXGL Background Thread 3 ] DEBUG Engine               - notificationViewClass: class com.almasb.fxgl.notification.view.XboxNotificationView
08:44:44.824 [FXGL Background Thread 3 ] DEBUG Engine               - pixelsPerMeter: 50.0
08:44:44.824 [FXGL Background Thread 3 ] DEBUG Engine               - platform: WINDOWS
08:44:44.824 [FXGL Background Thread 3 ] DEBUG Engine               - prefHeightProperty: ReadOnlyDoubleProperty [value: 600.0]
08:44:44.824 [FXGL Background Thread 3 ] DEBUG Engine               - prefWidthProperty: ReadOnlyDoubleProperty [value: 600.0]
08:44:44.824 [FXGL Background Thread 3 ] DEBUG Engine               - profileDir: profiles/
08:44:44.824 [FXGL Background Thread 3 ] DEBUG Engine               - profileName: StringProperty [value: DEFAULT]
08:44:44.824 [FXGL Background Thread 3 ] DEBUG Engine               - randomSeed: -1
08:44:44.824 [FXGL Background Thread 3 ] DEBUG Engine               - runtimeInfo: RuntimeInfo(platform=WINDOWS, version=11.17, build=16.07.2021 15.46)
08:44:44.825 [FXGL Background Thread 3 ] DEBUG Engine               - saveFileExt: sav
08:44:44.825 [FXGL Background Thread 3 ] DEBUG Engine               - scaledHeightProp$fxgl: DoubleProperty [bound, value: 600.0]
08:44:44.825 [FXGL Background Thread 3 ] DEBUG Engine               - scaledWidthProp$fxgl: DoubleProperty [bound, value: 600.0]
08:44:44.825 [FXGL Background Thread 3 ] DEBUG Engine               - sceneFactory: com.almasb.fxgl.app.scene.SceneFactory@190abc2d
08:44:44.825 [FXGL Background Thread 3 ] DEBUG Engine               - secondsIn24h: 60
08:44:44.825 [FXGL Background Thread 3 ] DEBUG Engine               - soundMenuBack: menu/back.wav
08:44:44.825 [FXGL Background Thread 3 ] DEBUG Engine               - soundMenuPress: menu/press.wav
08:44:44.825 [FXGL Background Thread 3 ] DEBUG Engine               - soundMenuSelect: menu/select.wav
08:44:44.825 [FXGL Background Thread 3 ] DEBUG Engine               - soundNotification: core/notification.wav
08:44:44.825 [FXGL Background Thread 3 ] DEBUG Engine               - stageStyle: DECORATED
08:44:44.825 [FXGL Background Thread 3 ] DEBUG Engine               - supportedLanguages: [ENGLISH, FRENCH, GERMAN, HUNGARIAN, RUSSIAN]
08:44:44.825 [FXGL Background Thread 3 ] DEBUG Engine               - ticksPerSecond: -1
08:44:44.825 [FXGL Background Thread 3 ] DEBUG Engine               - title: Cool Game!!
08:44:44.825 [FXGL Background Thread 3 ] DEBUG Engine               - urlGithub: https://github.com/AlmasB/FXGL
08:44:44.826 [FXGL Background Thread 3 ] DEBUG Engine               - urlLeaderboard: http://fxgl-top.herokuapp.com/
08:44:44.826 [FXGL Background Thread 3 ] DEBUG Engine               - urlPOM: https://raw.githubusercontent.com/AlmasB/FXGL/release/README.md
08:44:44.826 [FXGL Background Thread 3 ] DEBUG Engine               - userAppClass: class com.example.javafx_project.MainGameApplication
08:44:44.826 [FXGL Background Thread 3 ] DEBUG Engine               - version: indev 1.0.0
08:44:44.826 [FXGL Background Thread 3 ] DEBUG Engine               - versionCheckDays: 7
08:44:44.826 [FXGL Background Thread 3 ] DEBUG Engine               - width: 600
08:44:44.826 [FXGL Background Thread 3 ] DEBUG Engine               - Logging services
08:44:44.826 [FXGL Background Thread 3 ] DEBUG Engine               - class com.almasb.fxgl.app.services.FXGLAssetLoaderService
08:44:44.826 [FXGL Background Thread 3 ] DEBUG Engine               - class com.almasb.fxgl.app.FXGLApplication$GameApplicationService
08:44:44.826 [FXGL Background Thread 3 ] DEBUG Engine               - class com.almasb.fxgl.app.services.FXGLDialogService
08:44:44.826 [FXGL Background Thread 3 ] DEBUG Engine               - class com.almasb.fxgl.app.services.IOTaskExecutorService
08:44:44.826 [FXGL Background Thread 3 ] DEBUG Engine               - class com.almasb.fxgl.io.FileSystemService
08:44:44.826 [FXGL Background Thread 3 ] DEBUG Engine               - class com.almasb.fxgl.localization.LocalizationService
08:44:44.826 [FXGL Background Thread 3 ] DEBUG Engine               - class com.almasb.fxgl.app.services.SystemBundleService
08:44:44.826 [FXGL Background Thread 3 ] DEBUG Engine               - class com.almasb.fxgl.profile.SaveLoadService
08:44:44.826 [FXGL Background Thread 3 ] DEBUG Engine               - class com.almasb.fxgl.ui.FXGLUIFactoryServiceProvider
08:44:44.826 [FXGL Background Thread 3 ] DEBUG Engine               - class com.almasb.fxgl.ui.FXGLDialogFactoryServiceProvider
08:44:44.826 [FXGL Background Thread 3 ] DEBUG Engine               - class com.almasb.fxgl.audio.AudioPlayer
08:44:44.826 [FXGL Background Thread 3 ] DEBUG Engine               - class com.almasb.fxgl.notification.impl.NotificationServiceProvider
08:44:44.826 [FXGL Background Thread 3 ] DEBUG Engine               - class com.almasb.fxgl.achievement.AchievementService
08:44:44.826 [FXGL Background Thread 3 ] DEBUG Engine               - class com.almasb.fxgl.cutscene.CutsceneService
08:44:44.827 [FXGL Background Thread 3 ] DEBUG Engine               - class com.almasb.fxgl.minigames.MiniGameService
08:44:44.827 [FXGL Background Thread 3 ] DEBUG Engine               - class com.almasb.fxgl.net.NetService
08:44:44.827 [FXGL Background Thread 3 ] DEBUG Engine               - class com.almasb.fxgl.app.services.UpdaterService
08:44:44.827 [FXGL Background Thread 3 ] DEBUG Engine               - class com.almasb.fxgl.dev.DevService
08:45:27.150 [JavaFX Application Thread] DEBUG PrimaryStageWindow   - Push state: FXGLDefaultMenu
08:45:27.160 [JavaFX Application Thread] DEBUG Input                - Clearing active input actions
08:45:27.165 [JavaFX Application Thread] DEBUG GameApplicationServi - Removing overlay from GameScene and adding to FXGLDefaultMenu
08:45:27.165 [JavaFX Application Thread] DEBUG PrimaryStageWindow   - GameScene -> FXGLDefaultMenu
08:45:32.707 [JavaFX Application Thread] DEBUG Menu                 - fireResume()
08:45:32.713 [JavaFX Application Thread] DEBUG PrimaryStageWindow   - Pop state: FXGLDefaultMenu
08:45:32.713 [JavaFX Application Thread] DEBUG Input                - Clearing active input actions
08:45:32.714 [JavaFX Application Thread] DEBUG GameApplicationServi - Removing overlay from FXGLDefaultMenu and adding to GameScene
08:45:32.715 [JavaFX Application Thread] DEBUG PrimaryStageWindow   - GameScene <- FXGLDefaultMenu
08:45:34.052 [JavaFX Application Thread] DEBUG PrimaryStageWindow   - Push state: FXGLDefaultMenu
08:45:34.053 [JavaFX Application Thread] DEBUG Input                - Clearing active input actions
08:45:34.055 [JavaFX Application Thread] DEBUG GameApplicationServi - Removing overlay from GameScene and adding to FXGLDefaultMenu
08:45:34.056 [JavaFX Application Thread] DEBUG PrimaryStageWindow   - GameScene -> FXGLDefaultMenu
08:45:37.784 [JavaFX Application Thread] DEBUG FXGL.DefaultMenu     - createContentGameplay()
08:45:40.934 [JavaFX Application Thread] DEBUG FXGL.DefaultMenu     - createContentControls()
08:45:42.790 [JavaFX Application Thread] DEBUG PrimaryStageWindow   - Pop state: FXGLDefaultMenu
08:45:42.790 [JavaFX Application Thread] DEBUG Input                - Clearing active input actions
08:45:42.791 [JavaFX Application Thread] DEBUG GameApplicationServi - Removing overlay from FXGLDefaultMenu and adding to GameScene
08:45:42.791 [JavaFX Application Thread] DEBUG PrimaryStageWindow   - GameScene <- FXGLDefaultMenu
08:45:44.042 [JavaFX Application Thread] DEBUG PrimaryStageWindow   - Push state: FXGLDefaultMenu
08:45:44.043 [JavaFX Application Thread] DEBUG Input                - Clearing active input actions
08:45:44.046 [JavaFX Application Thread] DEBUG GameApplicationServi - Removing overlay from GameScene and adding to FXGLDefaultMenu
08:45:44.046 [JavaFX Application Thread] DEBUG PrimaryStageWindow   - GameScene -> FXGLDefaultMenu
08:45:47.148 [JavaFX Application Thread] DEBUG FXGL.DefaultMenu     - createContentAudio()
08:45:57.963 [JavaFX Application Thread] DEBUG FXGL.DefaultMenu     - createContentVideo()
08:46:06.796 [JavaFX Application Thread] DEBUG FXGLAssetLoaderServi - Loading from file system: jar:file:///C:/Users/zarok/.m2/repository/com/github/almasb/fxgl/11.17/fxgl-11.17.jar!/fxglassets/languages/french.lang
08:46:08.262 [JavaFX Application Thread] DEBUG FXGLAssetLoaderServi - Loading from file system: jar:file:///C:/Users/zarok/.m2/repository/com/github/almasb/fxgl/11.17/fxgl-11.17.jar!/fxglassets/languages/german.lang
08:46:11.212 [JavaFX Application Thread] DEBUG FXGLAssetLoaderServi - Loading from file system: jar:file:///C:/Users/zarok/.m2/repository/com/github/almasb/fxgl/11.17/fxgl-11.17.jar!/fxglassets/languages/russian.lang
08:46:23.076 [JavaFX Application Thread] DEBUG FXGLAssetLoaderServi - Loading from file system: jar:file:///C:/Users/zarok/.m2/repository/com/github/almasb/fxgl/11.17/fxgl-11.17.jar!/fxglassets/languages/hungarian.lang
08:46:28.798 [JavaFX Application Thread] DEBUG PrimaryStageWindow   - Push state: DialogSubScene
08:46:28.798 [JavaFX Application Thread] DEBUG Input                - Clearing active input actions
08:46:28.799 [JavaFX Application Thread] DEBUG GameApplicationServi - Removing overlay from FXGLDefaultMenu and adding to DialogSubScene
08:46:28.799 [JavaFX Application Thread] DEBUG PrimaryStageWindow   - FXGLDefaultMenu -> DialogSubScene
08:46:30.843 [JavaFX Application Thread] DEBUG PrimaryStageWindow   - Pop state: DialogSubScene
08:46:30.843 [JavaFX Application Thread] DEBUG Input                - Clearing active input actions
08:46:30.844 [JavaFX Application Thread] DEBUG GameApplicationServi - Removing overlay from DialogSubScene and adding to FXGLDefaultMenu
08:46:30.844 [JavaFX Application Thread] DEBUG PrimaryStageWindow   - FXGLDefaultMenu <- DialogSubScene
08:51:24.368 [JavaFX Application Thread] DEBUG Menu                 - fireExit()
08:51:24.371 [JavaFX Application Thread] DEBUG PrimaryStageWindow   - Push state: DialogSubScene
08:51:24.371 [JavaFX Application Thread] DEBUG Input                - Clearing active input actions
08:51:24.371 [JavaFX Application Thread] DEBUG GameApplicationServi - Removing overlay from FXGLDefaultMenu and adding to DialogSubScene
08:51:24.371 [JavaFX Application Thread] DEBUG PrimaryStageWindow   - FXGLDefaultMenu -> DialogSubScene
08:51:25.523 [JavaFX Application Thread] DEBUG PrimaryStageWindow   - Pop state: DialogSubScene
08:51:25.523 [JavaFX Application Thread] DEBUG Input                - Clearing active input actions
08:51:25.524 [JavaFX Application Thread] DEBUG GameApplicationServi - Removing overlay from DialogSubScene and adding to FXGLDefaultMenu
08:51:25.524 [JavaFX Application Thread] DEBUG PrimaryStageWindow   - FXGLDefaultMenu <- DialogSubScene
08:51:26.118 [JavaFX Application Thread] DEBUG Menu                 - fireResume()
08:51:26.118 [JavaFX Application Thread] DEBUG PrimaryStageWindow   - Pop state: FXGLDefaultMenu
08:51:26.118 [JavaFX Application Thread] DEBUG Input                - Clearing active input actions
08:51:26.119 [JavaFX Application Thread] DEBUG GameApplicationServi - Removing overlay from FXGLDefaultMenu and adding to GameScene
08:51:26.119 [JavaFX Application Thread] DEBUG PrimaryStageWindow   - GameScene <- FXGLDefaultMenu
08:51:27.526 [JavaFX Application Thread] DEBUG LoopRunner           - Pausing loop
09:01:09.412 [JavaFX Application Thread] DEBUG LoopRunner           - Resuming loop
09:04:48.533 [JavaFX Application Thread] DEBUG FXGLApplication      - Exiting FXGL
09:04:48.534 [JavaFX Application Thread] DEBUG LoopRunner           - Stopping loop
09:04:48.534 [JavaFX Application Thread] DEBUG SystemBundleService  - Saving FXGL system data
09:04:48.550 [JavaFX Application Thread] DEBUG FileSystemAccess     - Writing to: C:\Users\zarok\Mein Ordner\Schule\Spengergasse\2DHIF\POS\JavaFX Project\system\fxgl.bundle
09:04:48.563 [JavaFX Application Thread] DEBUG Async                - Shutting down background threads
09:04:48.564 [JavaFX Application Thread] DEBUG PrimaryStageWindow   - Closing main window
09:04:48.586 [JavaFX Application Thread] DEBUG Logger               - Closing Logger
